

Started GET "/" for 127.0.0.1 at 2014-09-29 15:52:17 +0100
Processing by FoursquareController#index as HTML
  Rendered foursquare/index.html.erb within layouts/application (18.5ms)
Completed 500 Internal Server Error in 68ms

ActionView::Template::Error (undefined method `text_field' for #<FoursquareSearchForm:0x007f966fe3e998>):
    1: <div>
    2:   <%= form_for @form, url: search_foursquare_path, method: :get do |f| %>
    3:     <p>Lat: <%= @form.text_field :lat %></p>
    4:     <p>Lng: <%= @form.text_field :lng %></p>
    5:     <p>Query: <%= @form.text_field :query %></p>
    6:     <p>Venue Id: <%= @form.text_field :venue_id %></p>
  app/views/foursquare/index.html.erb:3:in `block in _app_views_foursquare_index_html_erb___3945579951858165874_70142049411920'
  app/views/foursquare/index.html.erb:2:in `_app_views_foursquare_index_html_erb___3945579951858165874_70142049411920'


  Rendered /Users/jduarte/.rbenv/versions/2.1.2/lib/ruby/gems/2.1.0/gems/actionpack-4.1.4/lib/action_dispatch/middleware/templates/rescues/_trace.html.erb (2.0ms)
  Rendered /Users/jduarte/.rbenv/versions/2.1.2/lib/ruby/gems/2.1.0/gems/actionpack-4.1.4/lib/action_dispatch/middleware/templates/rescues/_request_and_response.html.erb (1.7ms)
  Rendered /Users/jduarte/.rbenv/versions/2.1.2/lib/ruby/gems/2.1.0/gems/actionpack-4.1.4/lib/action_dispatch/middleware/templates/rescues/template_error.html.erb within rescues/layout (21.8ms)


Started GET "/" for 127.0.0.1 at 2014-09-29 15:52:39 +0100
Processing by FoursquareController#index as HTML
  Rendered foursquare/index.html.erb within layouts/application (58.3ms)
Completed 200 OK in 450ms (Views: 449.4ms | ActiveRecord: 0.0ms)


Started GET "/assets/jquery_ujs.js?body=1" for 127.0.0.1 at 2014-09-29 15:52:40 +0100


Started GET "/assets/jquery.js?body=1" for 127.0.0.1 at 2014-09-29 15:52:40 +0100


Started GET "/assets/application.css?body=1" for 127.0.0.1 at 2014-09-29 15:52:40 +0100


Started GET "/assets/application.js?body=1" for 127.0.0.1 at 2014-09-29 15:52:40 +0100


Started GET "/assets/turbolinks.js?body=1" for 127.0.0.1 at 2014-09-29 15:52:40 +0100


Started GET "/search_foursquare?utf8=%E2%9C%93&foursquare_search_form%5Blat%5D=&foursquare_search_form%5Blng%5D=&foursquare_search_form%5Bquery%5D=&foursquare_search_form%5Bvenue_id%5D=&commit=Search" for 127.0.0.1 at 2014-09-29 15:52:43 +0100
Processing by FoursquareController#search as HTML
  Parameters: {"utf8"=>"✓", "foursquare_search_form"=>{"lat"=>"", "lng"=>"", "query"=>"", "venue_id"=>""}, "commit"=>"Search"}
Completed 500 Internal Server Error in 449ms

Foursquare2::APIError (invalid_auth: Missing access credentials. See https://developer.foursquare.com/docs/oauth.html for details. (400)):
  app/forms/foursquare_search_form.rb:10:in `search_venues'
  app/controllers/foursquare_controller.rb:8:in `search'


  Rendered /Users/jduarte/.rbenv/versions/2.1.2/lib/ruby/gems/2.1.0/gems/actionpack-4.1.4/lib/action_dispatch/middleware/templates/rescues/_source.erb (0.9ms)
  Rendered /Users/jduarte/.rbenv/versions/2.1.2/lib/ruby/gems/2.1.0/gems/actionpack-4.1.4/lib/action_dispatch/middleware/templates/rescues/_trace.html.erb (1.2ms)
  Rendered /Users/jduarte/.rbenv/versions/2.1.2/lib/ruby/gems/2.1.0/gems/actionpack-4.1.4/lib/action_dispatch/middleware/templates/rescues/_request_and_response.html.erb (1.2ms)
  Rendered /Users/jduarte/.rbenv/versions/2.1.2/lib/ruby/gems/2.1.0/gems/actionpack-4.1.4/lib/action_dispatch/middleware/templates/rescues/diagnostics.erb within rescues/layout (19.6ms)


Started GET "/search_foursquare?utf8=%E2%9C%93&foursquare_search_form%5Blat%5D=&foursquare_search_form%5Blng%5D=&foursquare_search_form%5Bquery%5D=&foursquare_search_form%5Bvenue_id%5D=&commit=Search" for 127.0.0.1 at 2014-09-29 15:54:24 +0100
Processing by FoursquareController#search as HTML
  Parameters: {"utf8"=>"✓", "foursquare_search_form"=>{"lat"=>"", "lng"=>"", "query"=>"", "venue_id"=>""}, "commit"=>"Search"}
Completed 500 Internal Server Error in 426ms

Foursquare2::APIError (invalid_auth: Missing access credentials. See https://developer.foursquare.com/docs/oauth.html for details. (400)):
  app/forms/foursquare_search_form.rb:10:in `search_venues'
  app/controllers/foursquare_controller.rb:8:in `search'


  Rendered /Users/jduarte/.rbenv/versions/2.1.2/lib/ruby/gems/2.1.0/gems/actionpack-4.1.4/lib/action_dispatch/middleware/templates/rescues/_source.erb (0.7ms)
  Rendered /Users/jduarte/.rbenv/versions/2.1.2/lib/ruby/gems/2.1.0/gems/actionpack-4.1.4/lib/action_dispatch/middleware/templates/rescues/_trace.html.erb (1.4ms)
  Rendered /Users/jduarte/.rbenv/versions/2.1.2/lib/ruby/gems/2.1.0/gems/actionpack-4.1.4/lib/action_dispatch/middleware/templates/rescues/_request_and_response.html.erb (1.1ms)
  Rendered /Users/jduarte/.rbenv/versions/2.1.2/lib/ruby/gems/2.1.0/gems/actionpack-4.1.4/lib/action_dispatch/middleware/templates/rescues/diagnostics.erb within rescues/layout (16.2ms)


Started GET "/search_foursquare?utf8=%E2%9C%93&foursquare_search_form%5Blat%5D=&foursquare_search_form%5Blng%5D=&foursquare_search_form%5Bquery%5D=&foursquare_search_form%5Bvenue_id%5D=&commit=Search" for 127.0.0.1 at 2014-09-29 15:54:27 +0100
Processing by FoursquareController#search as HTML
  Parameters: {"utf8"=>"✓", "foursquare_search_form"=>{"lat"=>"", "lng"=>"", "query"=>"", "venue_id"=>""}, "commit"=>"Search"}
Completed 500 Internal Server Error in 283ms

Foursquare2::APIError (invalid_auth: Missing access credentials. See https://developer.foursquare.com/docs/oauth.html for details. (400)):
  app/forms/foursquare_search_form.rb:10:in `search_venues'
  app/controllers/foursquare_controller.rb:8:in `search'


  Rendered /Users/jduarte/.rbenv/versions/2.1.2/lib/ruby/gems/2.1.0/gems/actionpack-4.1.4/lib/action_dispatch/middleware/templates/rescues/_source.erb (0.7ms)
  Rendered /Users/jduarte/.rbenv/versions/2.1.2/lib/ruby/gems/2.1.0/gems/actionpack-4.1.4/lib/action_dispatch/middleware/templates/rescues/_trace.html.erb (1.3ms)
  Rendered /Users/jduarte/.rbenv/versions/2.1.2/lib/ruby/gems/2.1.0/gems/actionpack-4.1.4/lib/action_dispatch/middleware/templates/rescues/_request_and_response.html.erb (1.1ms)
  Rendered /Users/jduarte/.rbenv/versions/2.1.2/lib/ruby/gems/2.1.0/gems/actionpack-4.1.4/lib/action_dispatch/middleware/templates/rescues/diagnostics.erb within rescues/layout (15.2ms)


Started GET "/search_foursquare?utf8=%E2%9C%93&foursquare_search_form%5Blat%5D=&foursquare_search_form%5Blng%5D=&foursquare_search_form%5Bquery%5D=&foursquare_search_form%5Bvenue_id%5D=&commit=Search" for 127.0.0.1 at 2014-09-29 15:54:29 +0100
Processing by FoursquareController#search as HTML
  Parameters: {"utf8"=>"✓", "foursquare_search_form"=>{"lat"=>"", "lng"=>"", "query"=>"", "venue_id"=>""}, "commit"=>"Search"}
Completed 500 Internal Server Error in 290ms

Foursquare2::APIError (invalid_auth: Missing access credentials. See https://developer.foursquare.com/docs/oauth.html for details. (400)):
  app/forms/foursquare_search_form.rb:10:in `search_venues'
  app/controllers/foursquare_controller.rb:8:in `search'


  Rendered /Users/jduarte/.rbenv/versions/2.1.2/lib/ruby/gems/2.1.0/gems/actionpack-4.1.4/lib/action_dispatch/middleware/templates/rescues/_source.erb (1.1ms)
  Rendered /Users/jduarte/.rbenv/versions/2.1.2/lib/ruby/gems/2.1.0/gems/actionpack-4.1.4/lib/action_dispatch/middleware/templates/rescues/_trace.html.erb (1.2ms)
  Rendered /Users/jduarte/.rbenv/versions/2.1.2/lib/ruby/gems/2.1.0/gems/actionpack-4.1.4/lib/action_dispatch/middleware/templates/rescues/_request_and_response.html.erb (1.0ms)
  Rendered /Users/jduarte/.rbenv/versions/2.1.2/lib/ruby/gems/2.1.0/gems/actionpack-4.1.4/lib/action_dispatch/middleware/templates/rescues/diagnostics.erb within rescues/layout (15.9ms)


Started GET "/search_foursquare?utf8=%E2%9C%93&foursquare_search_form%5Blat%5D=&foursquare_search_form%5Blng%5D=&foursquare_search_form%5Bquery%5D=&foursquare_search_form%5Bvenue_id%5D=&commit=Search" for 127.0.0.1 at 2014-09-29 16:00:21 +0100
Processing by FoursquareController#search as HTML
  Parameters: {"utf8"=>"✓", "foursquare_search_form"=>{"lat"=>"", "lng"=>"", "query"=>"", "venue_id"=>""}, "commit"=>"Search"}
Completed 500 Internal Server Error in 401ms

Foursquare2::APIError (param_error: The Foursquare API no longer supports requests that do not pass in a version parameter. For more details see https://developer.foursquare.com/overview/versioning (410)):
  app/forms/foursquare_search_form.rb:10:in `search_venues'
  app/controllers/foursquare_controller.rb:8:in `search'


  Rendered /Users/jduarte/.rbenv/versions/2.1.2/lib/ruby/gems/2.1.0/gems/actionpack-4.1.4/lib/action_dispatch/middleware/templates/rescues/_source.erb (0.7ms)
  Rendered /Users/jduarte/.rbenv/versions/2.1.2/lib/ruby/gems/2.1.0/gems/actionpack-4.1.4/lib/action_dispatch/middleware/templates/rescues/_trace.html.erb (1.2ms)
  Rendered /Users/jduarte/.rbenv/versions/2.1.2/lib/ruby/gems/2.1.0/gems/actionpack-4.1.4/lib/action_dispatch/middleware/templates/rescues/_request_and_response.html.erb (1.0ms)
  Rendered /Users/jduarte/.rbenv/versions/2.1.2/lib/ruby/gems/2.1.0/gems/actionpack-4.1.4/lib/action_dispatch/middleware/templates/rescues/diagnostics.erb within rescues/layout (15.6ms)


Started GET "/search_foursquare?utf8=%E2%9C%93&foursquare_search_form%5Blat%5D=&foursquare_search_form%5Blng%5D=&foursquare_search_form%5Bquery%5D=&foursquare_search_form%5Bvenue_id%5D=&commit=Search" for 127.0.0.1 at 2014-09-29 16:06:55 +0100
Processing by FoursquareController#search as HTML
  Parameters: {"utf8"=>"✓", "foursquare_search_form"=>{"lat"=>"", "lng"=>"", "query"=>"", "venue_id"=>""}, "commit"=>"Search"}
Completed 500 Internal Server Error in 1185ms

Foursquare2::APIError (param_error: Must provide parameter ll or userll or near (400)):
  app/forms/foursquare_search_form.rb:10:in `search_venues'
  app/controllers/foursquare_controller.rb:8:in `search'


  Rendered /Users/jduarte/.rbenv/versions/2.1.2/lib/ruby/gems/2.1.0/gems/actionpack-4.1.4/lib/action_dispatch/middleware/templates/rescues/_source.erb (1.0ms)
  Rendered /Users/jduarte/.rbenv/versions/2.1.2/lib/ruby/gems/2.1.0/gems/actionpack-4.1.4/lib/action_dispatch/middleware/templates/rescues/_trace.html.erb (1.1ms)
  Rendered /Users/jduarte/.rbenv/versions/2.1.2/lib/ruby/gems/2.1.0/gems/actionpack-4.1.4/lib/action_dispatch/middleware/templates/rescues/_request_and_response.html.erb (1.0ms)
  Rendered /Users/jduarte/.rbenv/versions/2.1.2/lib/ruby/gems/2.1.0/gems/actionpack-4.1.4/lib/action_dispatch/middleware/templates/rescues/diagnostics.erb within rescues/layout (15.7ms)


Started GET "/search_foursquare?utf8=%E2%9C%93&foursquare_search_form%5Blat%5D=&foursquare_search_form%5Blng%5D=&foursquare_search_form%5Bquery%5D=&foursquare_search_form%5Bvenue_id%5D=&commit=Search" for 127.0.0.1 at 2014-09-29 16:06:58 +0100
Processing by FoursquareController#search as HTML
  Parameters: {"utf8"=>"✓", "foursquare_search_form"=>{"lat"=>"", "lng"=>"", "query"=>"", "venue_id"=>""}, "commit"=>"Search"}
Completed 500 Internal Server Error in 321ms

Foursquare2::APIError (param_error: Must provide parameter ll or userll or near (400)):
  app/forms/foursquare_search_form.rb:10:in `search_venues'
  app/controllers/foursquare_controller.rb:8:in `search'


  Rendered /Users/jduarte/.rbenv/versions/2.1.2/lib/ruby/gems/2.1.0/gems/actionpack-4.1.4/lib/action_dispatch/middleware/templates/rescues/_source.erb (0.8ms)
  Rendered /Users/jduarte/.rbenv/versions/2.1.2/lib/ruby/gems/2.1.0/gems/actionpack-4.1.4/lib/action_dispatch/middleware/templates/rescues/_trace.html.erb (1.1ms)
  Rendered /Users/jduarte/.rbenv/versions/2.1.2/lib/ruby/gems/2.1.0/gems/actionpack-4.1.4/lib/action_dispatch/middleware/templates/rescues/_request_and_response.html.erb (1.1ms)
  Rendered /Users/jduarte/.rbenv/versions/2.1.2/lib/ruby/gems/2.1.0/gems/actionpack-4.1.4/lib/action_dispatch/middleware/templates/rescues/diagnostics.erb within rescues/layout (15.9ms)


Started GET "/search_foursquare?utf8=%E2%9C%93&foursquare_search_form%5Blat%5D=&foursquare_search_form%5Blng%5D=&foursquare_search_form%5Bquery%5D=&foursquare_search_form%5Bvenue_id%5D=&commit=Search" for 127.0.0.1 at 2014-09-29 16:22:10 +0100
Processing by FoursquareController#search as HTML
  Parameters: {"utf8"=>"✓", "foursquare_search_form"=>{"lat"=>"", "lng"=>"", "query"=>"", "venue_id"=>""}, "commit"=>"Search"}
Completed 500 Internal Server Error in 401ms

Foursquare2::APIError (param_error: Must provide parameter ll or userll or near (400)):
  app/forms/foursquare_search_form.rb:10:in `search_venues'
  app/controllers/foursquare_controller.rb:8:in `search'


  Rendered /Users/jduarte/.rbenv/versions/2.1.2/lib/ruby/gems/2.1.0/gems/actionpack-4.1.4/lib/action_dispatch/middleware/templates/rescues/_source.erb (0.6ms)
  Rendered /Users/jduarte/.rbenv/versions/2.1.2/lib/ruby/gems/2.1.0/gems/actionpack-4.1.4/lib/action_dispatch/middleware/templates/rescues/_trace.html.erb (1.4ms)
  Rendered /Users/jduarte/.rbenv/versions/2.1.2/lib/ruby/gems/2.1.0/gems/actionpack-4.1.4/lib/action_dispatch/middleware/templates/rescues/_request_and_response.html.erb (1.1ms)
  Rendered /Users/jduarte/.rbenv/versions/2.1.2/lib/ruby/gems/2.1.0/gems/actionpack-4.1.4/lib/action_dispatch/middleware/templates/rescues/diagnostics.erb within rescues/layout (17.7ms)


Started GET "/search_foursquare?utf8=%E2%9C%93&foursquare_search_form%5Blat%5D=&foursquare_search_form%5Blng%5D=&foursquare_search_form%5Bquery%5D=&foursquare_search_form%5Bvenue_id%5D=&commit=Search" for 127.0.0.1 at 2014-09-29 16:22:14 +0100
Processing by FoursquareController#search as HTML
  Parameters: {"utf8"=>"✓", "foursquare_search_form"=>{"lat"=>"", "lng"=>"", "query"=>"", "venue_id"=>""}, "commit"=>"Search"}
Completed 500 Internal Server Error in 397ms

Foursquare2::APIError (param_error: Must provide parameter ll or userll or near (400)):
  app/forms/foursquare_search_form.rb:10:in `search_venues'
  app/controllers/foursquare_controller.rb:8:in `search'


  Rendered /Users/jduarte/.rbenv/versions/2.1.2/lib/ruby/gems/2.1.0/gems/actionpack-4.1.4/lib/action_dispatch/middleware/templates/rescues/_source.erb (0.8ms)
  Rendered /Users/jduarte/.rbenv/versions/2.1.2/lib/ruby/gems/2.1.0/gems/actionpack-4.1.4/lib/action_dispatch/middleware/templates/rescues/_trace.html.erb (1.2ms)
  Rendered /Users/jduarte/.rbenv/versions/2.1.2/lib/ruby/gems/2.1.0/gems/actionpack-4.1.4/lib/action_dispatch/middleware/templates/rescues/_request_and_response.html.erb (1.0ms)
  Rendered /Users/jduarte/.rbenv/versions/2.1.2/lib/ruby/gems/2.1.0/gems/actionpack-4.1.4/lib/action_dispatch/middleware/templates/rescues/diagnostics.erb within rescues/layout (15.9ms)


Started GET "/search_foursquare?utf8=%E2%9C%93&foursquare_search_form%5Blat%5D=23&foursquare_search_form%5Blng%5D=31&foursquare_search_form%5Bquery%5D=&foursquare_search_form%5Bvenue_id%5D=&commit=Search" for 127.0.0.1 at 2014-09-29 16:22:25 +0100
Processing by FoursquareController#search as HTML
  Parameters: {"utf8"=>"✓", "foursquare_search_form"=>{"lat"=>"23", "lng"=>"31", "query"=>"", "venue_id"=>""}, "commit"=>"Search"}
Completed 500 Internal Server Error in 351ms

Foursquare2::APIError (param_error: Must provide parameter ll or userll or near (400)):
  app/forms/foursquare_search_form.rb:10:in `search_venues'
  app/controllers/foursquare_controller.rb:8:in `search'


  Rendered /Users/jduarte/.rbenv/versions/2.1.2/lib/ruby/gems/2.1.0/gems/actionpack-4.1.4/lib/action_dispatch/middleware/templates/rescues/_source.erb (0.7ms)
  Rendered /Users/jduarte/.rbenv/versions/2.1.2/lib/ruby/gems/2.1.0/gems/actionpack-4.1.4/lib/action_dispatch/middleware/templates/rescues/_trace.html.erb (1.1ms)
  Rendered /Users/jduarte/.rbenv/versions/2.1.2/lib/ruby/gems/2.1.0/gems/actionpack-4.1.4/lib/action_dispatch/middleware/templates/rescues/_request_and_response.html.erb (1.2ms)
  Rendered /Users/jduarte/.rbenv/versions/2.1.2/lib/ruby/gems/2.1.0/gems/actionpack-4.1.4/lib/action_dispatch/middleware/templates/rescues/diagnostics.erb within rescues/layout (15.0ms)


Started GET "/search_foursquare?utf8=%E2%9C%93&foursquare_search_form%5Blat%5D=23&foursquare_search_form%5Blng%5D=31&foursquare_search_form%5Bquery%5D=&foursquare_search_form%5Bvenue_id%5D=&commit=Search" for 127.0.0.1 at 2014-09-29 16:23:11 +0100
Processing by FoursquareController#search as HTML
  Parameters: {"utf8"=>"✓", "foursquare_search_form"=>{"lat"=>"23", "lng"=>"31", "query"=>"", "venue_id"=>""}, "commit"=>"Search"}
Completed 500 Internal Server Error in 352ms

Foursquare2::APIError (param_error: Must provide parameter ll or userll or near (400)):
  app/forms/foursquare_search_form.rb:10:in `search_venues'
  app/controllers/foursquare_controller.rb:8:in `search'


  Rendered /Users/jduarte/.rbenv/versions/2.1.2/lib/ruby/gems/2.1.0/gems/actionpack-4.1.4/lib/action_dispatch/middleware/templates/rescues/_source.erb (0.7ms)
  Rendered /Users/jduarte/.rbenv/versions/2.1.2/lib/ruby/gems/2.1.0/gems/actionpack-4.1.4/lib/action_dispatch/middleware/templates/rescues/_trace.html.erb (1.2ms)
  Rendered /Users/jduarte/.rbenv/versions/2.1.2/lib/ruby/gems/2.1.0/gems/actionpack-4.1.4/lib/action_dispatch/middleware/templates/rescues/_request_and_response.html.erb (1.1ms)
  Rendered /Users/jduarte/.rbenv/versions/2.1.2/lib/ruby/gems/2.1.0/gems/actionpack-4.1.4/lib/action_dispatch/middleware/templates/rescues/diagnostics.erb within rescues/layout (15.4ms)


Started GET "/search_foursquare?utf8=%E2%9C%93&foursquare_search_form%5Blat%5D=23&foursquare_search_form%5Blng%5D=31&foursquare_search_form%5Bquery%5D=dasdsa&foursquare_search_form%5Bvenue_id%5D=&commit=Search" for 127.0.0.1 at 2014-09-29 16:23:18 +0100
Processing by FoursquareController#search as HTML
  Parameters: {"utf8"=>"✓", "foursquare_search_form"=>{"lat"=>"23", "lng"=>"31", "query"=>"dasdsa", "venue_id"=>""}, "commit"=>"Search"}
Completed 500 Internal Server Error in 291ms

Foursquare2::APIError (param_error: Must provide parameter ll or userll or near (400)):
  app/forms/foursquare_search_form.rb:10:in `search_venues'
  app/controllers/foursquare_controller.rb:8:in `search'


  Rendered /Users/jduarte/.rbenv/versions/2.1.2/lib/ruby/gems/2.1.0/gems/actionpack-4.1.4/lib/action_dispatch/middleware/templates/rescues/_source.erb (0.7ms)
  Rendered /Users/jduarte/.rbenv/versions/2.1.2/lib/ruby/gems/2.1.0/gems/actionpack-4.1.4/lib/action_dispatch/middleware/templates/rescues/_trace.html.erb (1.2ms)
  Rendered /Users/jduarte/.rbenv/versions/2.1.2/lib/ruby/gems/2.1.0/gems/actionpack-4.1.4/lib/action_dispatch/middleware/templates/rescues/_request_and_response.html.erb (1.1ms)
  Rendered /Users/jduarte/.rbenv/versions/2.1.2/lib/ruby/gems/2.1.0/gems/actionpack-4.1.4/lib/action_dispatch/middleware/templates/rescues/diagnostics.erb within rescues/layout (14.8ms)


Started GET "/search_foursquare?utf8=%E2%9C%93&foursquare_search_form%5Blat%5D=23&foursquare_search_form%5Blng%5D=31&foursquare_search_form%5Bquery%5D=dasdsa&foursquare_search_form%5Bvenue_id%5D=&commit=Search" for 127.0.0.1 at 2014-09-29 16:24:37 +0100
Processing by FoursquareController#search as HTML
  Parameters: {"utf8"=>"✓", "foursquare_search_form"=>{"lat"=>"23", "lng"=>"31", "query"=>"dasdsa", "venue_id"=>""}, "commit"=>"Search"}
Completed 500 Internal Server Error in 333ms

Foursquare2::APIError (param_error: Must provide parameter ll or userll or near (400)):
  app/forms/foursquare_search_form.rb:10:in `search_venues'
  app/controllers/foursquare_controller.rb:8:in `search'


  Rendered /Users/jduarte/.rbenv/versions/2.1.2/lib/ruby/gems/2.1.0/gems/actionpack-4.1.4/lib/action_dispatch/middleware/templates/rescues/_source.erb (1.4ms)
  Rendered /Users/jduarte/.rbenv/versions/2.1.2/lib/ruby/gems/2.1.0/gems/actionpack-4.1.4/lib/action_dispatch/middleware/templates/rescues/_trace.html.erb (1.7ms)
  Rendered /Users/jduarte/.rbenv/versions/2.1.2/lib/ruby/gems/2.1.0/gems/actionpack-4.1.4/lib/action_dispatch/middleware/templates/rescues/_request_and_response.html.erb (1.2ms)
  Rendered /Users/jduarte/.rbenv/versions/2.1.2/lib/ruby/gems/2.1.0/gems/actionpack-4.1.4/lib/action_dispatch/middleware/templates/rescues/diagnostics.erb within rescues/layout (20.5ms)


Started GET "/search_foursquare?utf8=%E2%9C%93&foursquare_search_form%5Blat%5D=23&foursquare_search_form%5Blng%5D=31&foursquare_search_form%5Bquery%5D=dasdsa&foursquare_search_form%5Bvenue_id%5D=&commit=Search" for 127.0.0.1 at 2014-09-29 16:24:39 +0100
Processing by FoursquareController#search as HTML
  Parameters: {"utf8"=>"✓", "foursquare_search_form"=>{"lat"=>"23", "lng"=>"31", "query"=>"dasdsa", "venue_id"=>""}, "commit"=>"Search"}
Completed 500 Internal Server Error in 333ms

Foursquare2::APIError (param_error: Must provide parameter ll or userll or near (400)):
  app/forms/foursquare_search_form.rb:10:in `search_venues'
  app/controllers/foursquare_controller.rb:8:in `search'


  Rendered /Users/jduarte/.rbenv/versions/2.1.2/lib/ruby/gems/2.1.0/gems/actionpack-4.1.4/lib/action_dispatch/middleware/templates/rescues/_source.erb (0.9ms)
  Rendered /Users/jduarte/.rbenv/versions/2.1.2/lib/ruby/gems/2.1.0/gems/actionpack-4.1.4/lib/action_dispatch/middleware/templates/rescues/_trace.html.erb (1.2ms)
  Rendered /Users/jduarte/.rbenv/versions/2.1.2/lib/ruby/gems/2.1.0/gems/actionpack-4.1.4/lib/action_dispatch/middleware/templates/rescues/_request_and_response.html.erb (1.1ms)
  Rendered /Users/jduarte/.rbenv/versions/2.1.2/lib/ruby/gems/2.1.0/gems/actionpack-4.1.4/lib/action_dispatch/middleware/templates/rescues/diagnostics.erb within rescues/layout (17.1ms)


Started GET "/search_foursquare?utf8=%E2%9C%93&foursquare_search_form%5Blat%5D=23&foursquare_search_form%5Blng%5D=31&foursquare_search_form%5Bquery%5D=dasdsa&foursquare_search_form%5Bvenue_id%5D=&commit=Search" for 127.0.0.1 at 2014-09-29 16:24:41 +0100
Processing by FoursquareController#search as HTML
  Parameters: {"utf8"=>"✓", "foursquare_search_form"=>{"lat"=>"23", "lng"=>"31", "query"=>"dasdsa", "venue_id"=>""}, "commit"=>"Search"}
Completed 500 Internal Server Error in 290ms

Foursquare2::APIError (param_error: Must provide parameter ll or userll or near (400)):
  app/forms/foursquare_search_form.rb:10:in `search_venues'
  app/controllers/foursquare_controller.rb:8:in `search'


  Rendered /Users/jduarte/.rbenv/versions/2.1.2/lib/ruby/gems/2.1.0/gems/actionpack-4.1.4/lib/action_dispatch/middleware/templates/rescues/_source.erb (0.7ms)
  Rendered /Users/jduarte/.rbenv/versions/2.1.2/lib/ruby/gems/2.1.0/gems/actionpack-4.1.4/lib/action_dispatch/middleware/templates/rescues/_trace.html.erb (1.2ms)
  Rendered /Users/jduarte/.rbenv/versions/2.1.2/lib/ruby/gems/2.1.0/gems/actionpack-4.1.4/lib/action_dispatch/middleware/templates/rescues/_request_and_response.html.erb (1.1ms)
  Rendered /Users/jduarte/.rbenv/versions/2.1.2/lib/ruby/gems/2.1.0/gems/actionpack-4.1.4/lib/action_dispatch/middleware/templates/rescues/diagnostics.erb within rescues/layout (15.1ms)


Started GET "/search_foursquare?utf8=%E2%9C%93&foursquare_search_form%5Blat%5D=23&foursquare_search_form%5Blng%5D=31&foursquare_search_form%5Bquery%5D=dasdsa&foursquare_search_form%5Bvenue_id%5D=&commit=Search" for 127.0.0.1 at 2014-09-29 16:24:41 +0100
Processing by FoursquareController#search as HTML
  Parameters: {"utf8"=>"✓", "foursquare_search_form"=>{"lat"=>"23", "lng"=>"31", "query"=>"dasdsa", "venue_id"=>""}, "commit"=>"Search"}
Completed 500 Internal Server Error in 296ms

Foursquare2::APIError (param_error: Must provide parameter ll or userll or near (400)):
  app/forms/foursquare_search_form.rb:10:in `search_venues'
  app/controllers/foursquare_controller.rb:8:in `search'


  Rendered /Users/jduarte/.rbenv/versions/2.1.2/lib/ruby/gems/2.1.0/gems/actionpack-4.1.4/lib/action_dispatch/middleware/templates/rescues/_source.erb (0.6ms)
  Rendered /Users/jduarte/.rbenv/versions/2.1.2/lib/ruby/gems/2.1.0/gems/actionpack-4.1.4/lib/action_dispatch/middleware/templates/rescues/_trace.html.erb (1.1ms)
  Rendered /Users/jduarte/.rbenv/versions/2.1.2/lib/ruby/gems/2.1.0/gems/actionpack-4.1.4/lib/action_dispatch/middleware/templates/rescues/_request_and_response.html.erb (1.0ms)
  Rendered /Users/jduarte/.rbenv/versions/2.1.2/lib/ruby/gems/2.1.0/gems/actionpack-4.1.4/lib/action_dispatch/middleware/templates/rescues/diagnostics.erb within rescues/layout (14.7ms)


Started GET "/search_foursquare?utf8=%E2%9C%93&foursquare_search_form%5Blat%5D=23&foursquare_search_form%5Blng%5D=31&foursquare_search_form%5Bquery%5D=dasdsa&foursquare_search_form%5Bvenue_id%5D=&commit=Search" for 127.0.0.1 at 2014-09-29 16:24:47 +0100
Processing by FoursquareController#search as HTML
  Parameters: {"utf8"=>"✓", "foursquare_search_form"=>{"lat"=>"23", "lng"=>"31", "query"=>"dasdsa", "venue_id"=>""}, "commit"=>"Search"}

***** Debugger requested, but was not available (ensure the debugger gem is listed in Gemfile/installed as gem): Start server with --debugger to enable *****

Completed 500 Internal Server Error in 286ms

Foursquare2::APIError (param_error: Must provide parameter ll or userll or near (400)):
  app/forms/foursquare_search_form.rb:10:in `search_venues'
  app/controllers/foursquare_controller.rb:8:in `search'


  Rendered /Users/jduarte/.rbenv/versions/2.1.2/lib/ruby/gems/2.1.0/gems/actionpack-4.1.4/lib/action_dispatch/middleware/templates/rescues/_source.erb (1.2ms)
  Rendered /Users/jduarte/.rbenv/versions/2.1.2/lib/ruby/gems/2.1.0/gems/actionpack-4.1.4/lib/action_dispatch/middleware/templates/rescues/_trace.html.erb (7.7ms)
  Rendered /Users/jduarte/.rbenv/versions/2.1.2/lib/ruby/gems/2.1.0/gems/actionpack-4.1.4/lib/action_dispatch/middleware/templates/rescues/_request_and_response.html.erb (1.7ms)
  Rendered /Users/jduarte/.rbenv/versions/2.1.2/lib/ruby/gems/2.1.0/gems/actionpack-4.1.4/lib/action_dispatch/middleware/templates/rescues/diagnostics.erb within rescues/layout (29.1ms)


Started GET "/search_foursquare?utf8=%E2%9C%93&foursquare_search_form%5Blat%5D=23&foursquare_search_form%5Blng%5D=31&foursquare_search_form%5Bquery%5D=dasdsa&foursquare_search_form%5Bvenue_id%5D=&commit=Search" for 127.0.0.1 at 2014-09-29 16:24:54 +0100
Processing by FoursquareController#search as HTML
  Parameters: {"utf8"=>"✓", "foursquare_search_form"=>{"lat"=>"23", "lng"=>"31", "query"=>"dasdsa", "venue_id"=>""}, "commit"=>"Search"}
Completed 500 Internal Server Error in 3ms

ArgumentError (wrong number of arguments (1 for 0)):
  app/forms/foursquare_search_form.rb:27:in `search_venues_params'
  app/forms/foursquare_search_form.rb:10:in `search_venues'
  app/controllers/foursquare_controller.rb:8:in `search'


  Rendered /Users/jduarte/.rbenv/versions/2.1.2/lib/ruby/gems/2.1.0/gems/actionpack-4.1.4/lib/action_dispatch/middleware/templates/rescues/_source.erb (1.2ms)
  Rendered /Users/jduarte/.rbenv/versions/2.1.2/lib/ruby/gems/2.1.0/gems/actionpack-4.1.4/lib/action_dispatch/middleware/templates/rescues/_trace.html.erb (1.2ms)
  Rendered /Users/jduarte/.rbenv/versions/2.1.2/lib/ruby/gems/2.1.0/gems/actionpack-4.1.4/lib/action_dispatch/middleware/templates/rescues/_request_and_response.html.erb (1.8ms)
  Rendered /Users/jduarte/.rbenv/versions/2.1.2/lib/ruby/gems/2.1.0/gems/actionpack-4.1.4/lib/action_dispatch/middleware/templates/rescues/diagnostics.erb within rescues/layout (21.9ms)


Started GET "/search_foursquare?utf8=%E2%9C%93&foursquare_search_form%5Blat%5D=23&foursquare_search_form%5Blng%5D=31&foursquare_search_form%5Bquery%5D=dasdsa&foursquare_search_form%5Bvenue_id%5D=&commit=Search" for 127.0.0.1 at 2014-09-29 16:25:24 +0100
Processing by FoursquareController#search as HTML
  Parameters: {"utf8"=>"✓", "foursquare_search_form"=>{"lat"=>"23", "lng"=>"31", "query"=>"dasdsa", "venue_id"=>""}, "commit"=>"Search"}
Completed 500 Internal Server Error in 2ms

TypeError (no implicit conversion of Hash into String):
  app/forms/foursquare_search_form.rb:27:in `+'
  app/forms/foursquare_search_form.rb:27:in `search_venues_params'
  app/forms/foursquare_search_form.rb:10:in `search_venues'
  app/controllers/foursquare_controller.rb:8:in `search'


  Rendered /Users/jduarte/.rbenv/versions/2.1.2/lib/ruby/gems/2.1.0/gems/actionpack-4.1.4/lib/action_dispatch/middleware/templates/rescues/_source.erb (0.8ms)
  Rendered /Users/jduarte/.rbenv/versions/2.1.2/lib/ruby/gems/2.1.0/gems/actionpack-4.1.4/lib/action_dispatch/middleware/templates/rescues/_trace.html.erb (1.2ms)
  Rendered /Users/jduarte/.rbenv/versions/2.1.2/lib/ruby/gems/2.1.0/gems/actionpack-4.1.4/lib/action_dispatch/middleware/templates/rescues/_request_and_response.html.erb (1.1ms)
  Rendered /Users/jduarte/.rbenv/versions/2.1.2/lib/ruby/gems/2.1.0/gems/actionpack-4.1.4/lib/action_dispatch/middleware/templates/rescues/diagnostics.erb within rescues/layout (16.7ms)


Started GET "/search_foursquare?utf8=%E2%9C%93&foursquare_search_form%5Blat%5D=23&foursquare_search_form%5Blng%5D=31&foursquare_search_form%5Bquery%5D=dasdsa&foursquare_search_form%5Bvenue_id%5D=&commit=Search" for 127.0.0.1 at 2014-09-29 16:25:32 +0100
Processing by FoursquareController#search as HTML
  Parameters: {"utf8"=>"✓", "foursquare_search_form"=>{"lat"=>"23", "lng"=>"31", "query"=>"dasdsa", "venue_id"=>""}, "commit"=>"Search"}
Completed 500 Internal Server Error in 2ms

ArgumentError (wrong number of arguments (1 for 0)):
  app/forms/foursquare_search_form.rb:27:in `search_venues_params'
  app/forms/foursquare_search_form.rb:10:in `search_venues'
  app/controllers/foursquare_controller.rb:8:in `search'


  Rendered /Users/jduarte/.rbenv/versions/2.1.2/lib/ruby/gems/2.1.0/gems/actionpack-4.1.4/lib/action_dispatch/middleware/templates/rescues/_source.erb (1.1ms)
  Rendered /Users/jduarte/.rbenv/versions/2.1.2/lib/ruby/gems/2.1.0/gems/actionpack-4.1.4/lib/action_dispatch/middleware/templates/rescues/_trace.html.erb (1.2ms)
  Rendered /Users/jduarte/.rbenv/versions/2.1.2/lib/ruby/gems/2.1.0/gems/actionpack-4.1.4/lib/action_dispatch/middleware/templates/rescues/_request_and_response.html.erb (0.9ms)
  Rendered /Users/jduarte/.rbenv/versions/2.1.2/lib/ruby/gems/2.1.0/gems/actionpack-4.1.4/lib/action_dispatch/middleware/templates/rescues/diagnostics.erb within rescues/layout (16.6ms)


Started GET "/search_foursquare?utf8=%E2%9C%93&foursquare_search_form%5Blat%5D=23&foursquare_search_form%5Blng%5D=31&foursquare_search_form%5Bquery%5D=dasdsa&foursquare_search_form%5Bvenue_id%5D=&commit=Search" for 127.0.0.1 at 2014-09-29 16:25:44 +0100
Processing by FoursquareController#search as HTML
  Parameters: {"utf8"=>"✓", "foursquare_search_form"=>{"lat"=>"23", "lng"=>"31", "query"=>"dasdsa", "venue_id"=>""}, "commit"=>"Search"}
p: {:v=>"20140929", :m=>"foursquare"}
Completed 500 Internal Server Error in 341ms

Foursquare2::APIError (param_error: Must provide parameter ll or userll or near (400)):
  app/forms/foursquare_search_form.rb:10:in `search_venues'
  app/controllers/foursquare_controller.rb:8:in `search'


  Rendered /Users/jduarte/.rbenv/versions/2.1.2/lib/ruby/gems/2.1.0/gems/actionpack-4.1.4/lib/action_dispatch/middleware/templates/rescues/_source.erb (0.7ms)
  Rendered /Users/jduarte/.rbenv/versions/2.1.2/lib/ruby/gems/2.1.0/gems/actionpack-4.1.4/lib/action_dispatch/middleware/templates/rescues/_trace.html.erb (2.0ms)
  Rendered /Users/jduarte/.rbenv/versions/2.1.2/lib/ruby/gems/2.1.0/gems/actionpack-4.1.4/lib/action_dispatch/middleware/templates/rescues/_request_and_response.html.erb (1.0ms)
  Rendered /Users/jduarte/.rbenv/versions/2.1.2/lib/ruby/gems/2.1.0/gems/actionpack-4.1.4/lib/action_dispatch/middleware/templates/rescues/diagnostics.erb within rescues/layout (16.8ms)


Started GET "/search_foursquare?utf8=%E2%9C%93&foursquare_search_form%5Blat%5D=23&foursquare_search_form%5Blng%5D=31&foursquare_search_form%5Bquery%5D=dasdsa&foursquare_search_form%5Bvenue_id%5D=&commit=Search" for 127.0.0.1 at 2014-09-29 16:27:23 +0100
Processing by FoursquareController#search as HTML
  Parameters: {"utf8"=>"✓", "foursquare_search_form"=>{"lat"=>"23", "lng"=>"31", "query"=>"dasdsa", "venue_id"=>""}, "commit"=>"Search"}
p: {:v=>"20140929", :m=>"foursquare"}

***** Debugger requested, but was not available (ensure the debugger gem is listed in Gemfile/installed as gem): Start server with --debugger to enable *****

Completed 500 Internal Server Error in 791ms

Foursquare2::APIError (param_error: Must provide parameter ll or userll or near (400)):
  app/forms/foursquare_search_form.rb:10:in `search_venues'
  app/controllers/foursquare_controller.rb:8:in `search'


  Rendered /Users/jduarte/.rbenv/versions/2.1.2/lib/ruby/gems/2.1.0/gems/actionpack-4.1.4/lib/action_dispatch/middleware/templates/rescues/_source.erb (1.0ms)
  Rendered /Users/jduarte/.rbenv/versions/2.1.2/lib/ruby/gems/2.1.0/gems/actionpack-4.1.4/lib/action_dispatch/middleware/templates/rescues/_trace.html.erb (4.7ms)
  Rendered /Users/jduarte/.rbenv/versions/2.1.2/lib/ruby/gems/2.1.0/gems/actionpack-4.1.4/lib/action_dispatch/middleware/templates/rescues/_request_and_response.html.erb (2.6ms)
  Rendered /Users/jduarte/.rbenv/versions/2.1.2/lib/ruby/gems/2.1.0/gems/actionpack-4.1.4/lib/action_dispatch/middleware/templates/rescues/diagnostics.erb within rescues/layout (27.6ms)


Started GET "/search_foursquare?utf8=%E2%9C%93&foursquare_search_form%5Blat%5D=23&foursquare_search_form%5Blng%5D=31&foursquare_search_form%5Bquery%5D=dasdsa&foursquare_search_form%5Bvenue_id%5D=&commit=Search" for 127.0.0.1 at 2014-09-29 16:27:38 +0100
Processing by FoursquareController#search as HTML
  Parameters: {"utf8"=>"✓", "foursquare_search_form"=>{"lat"=>"23", "lng"=>"31", "query"=>"dasdsa", "venue_id"=>""}, "commit"=>"Search"}
p: {:v=>"20140929", :m=>"foursquare"}

***** Debugger requested, but was not available (ensure the debugger gem is listed in Gemfile/installed as gem): Start server with --debugger to enable *****

Completed 500 Internal Server Error in 352ms

Foursquare2::APIError (param_error: Must provide parameter ll or userll or near (400)):
  app/forms/foursquare_search_form.rb:10:in `search_venues'
  app/controllers/foursquare_controller.rb:8:in `search'


  Rendered /Users/jduarte/.rbenv/versions/2.1.2/lib/ruby/gems/2.1.0/gems/actionpack-4.1.4/lib/action_dispatch/middleware/templates/rescues/_source.erb (0.7ms)
  Rendered /Users/jduarte/.rbenv/versions/2.1.2/lib/ruby/gems/2.1.0/gems/actionpack-4.1.4/lib/action_dispatch/middleware/templates/rescues/_trace.html.erb (1.2ms)
  Rendered /Users/jduarte/.rbenv/versions/2.1.2/lib/ruby/gems/2.1.0/gems/actionpack-4.1.4/lib/action_dispatch/middleware/templates/rescues/_request_and_response.html.erb (1.2ms)
  Rendered /Users/jduarte/.rbenv/versions/2.1.2/lib/ruby/gems/2.1.0/gems/actionpack-4.1.4/lib/action_dispatch/middleware/templates/rescues/diagnostics.erb within rescues/layout (17.2ms)


Started GET "/search_foursquare?utf8=%E2%9C%93&foursquare_search_form%5Blat%5D=36.142064&foursquare_search_form%5Blng%5D=-86.816086&foursquare_search_form%5Bquery%5D=dasdsa&foursquare_search_form%5Bvenue_id%5D=&commit=Search" for 127.0.0.1 at 2014-09-29 16:28:05 +0100
Processing by FoursquareController#search as HTML
  Parameters: {"utf8"=>"✓", "foursquare_search_form"=>{"lat"=>"36.142064", "lng"=>"-86.816086", "query"=>"dasdsa", "venue_id"=>""}, "commit"=>"Search"}
p: {:v=>"20140929", :m=>"foursquare"}

***** Debugger requested, but was not available (ensure the debugger gem is listed in Gemfile/installed as gem): Start server with --debugger to enable *****

Completed 500 Internal Server Error in 801ms

Foursquare2::APIError (param_error: Must provide parameter ll or userll or near (400)):
  app/forms/foursquare_search_form.rb:10:in `search_venues'
  app/controllers/foursquare_controller.rb:8:in `search'


  Rendered /Users/jduarte/.rbenv/versions/2.1.2/lib/ruby/gems/2.1.0/gems/actionpack-4.1.4/lib/action_dispatch/middleware/templates/rescues/_source.erb (0.7ms)
  Rendered /Users/jduarte/.rbenv/versions/2.1.2/lib/ruby/gems/2.1.0/gems/actionpack-4.1.4/lib/action_dispatch/middleware/templates/rescues/_trace.html.erb (1.1ms)
  Rendered /Users/jduarte/.rbenv/versions/2.1.2/lib/ruby/gems/2.1.0/gems/actionpack-4.1.4/lib/action_dispatch/middleware/templates/rescues/_request_and_response.html.erb (0.9ms)
  Rendered /Users/jduarte/.rbenv/versions/2.1.2/lib/ruby/gems/2.1.0/gems/actionpack-4.1.4/lib/action_dispatch/middleware/templates/rescues/diagnostics.erb within rescues/layout (15.5ms)


Started GET "/search_foursquare?utf8=%E2%9C%93&foursquare_search_form%5Blat%5D=36.142064&foursquare_search_form%5Blng%5D=-86.816086&foursquare_search_form%5Bquery%5D=dasdsa&foursquare_search_form%5Bvenue_id%5D=&commit=Search" for 127.0.0.1 at 2014-09-29 16:28:19 +0100
Processing by FoursquareController#search as HTML
  Parameters: {"utf8"=>"✓", "foursquare_search_form"=>{"lat"=>"36.142064", "lng"=>"-86.816086", "query"=>"dasdsa", "venue_id"=>""}, "commit"=>"Search"}
p: {:v=>"20140929", :m=>"foursquare"}

***** Debugger requested, but was not available (ensure the debugger gem is listed in Gemfile/installed as gem): Start server with --debugger to enable *****

Completed 500 Internal Server Error in 291ms

Foursquare2::APIError (param_error: Must provide parameter ll or userll or near (400)):
  app/forms/foursquare_search_form.rb:10:in `search_venues'
  app/controllers/foursquare_controller.rb:8:in `search'


  Rendered /Users/jduarte/.rbenv/versions/2.1.2/lib/ruby/gems/2.1.0/gems/actionpack-4.1.4/lib/action_dispatch/middleware/templates/rescues/_source.erb (0.6ms)
  Rendered /Users/jduarte/.rbenv/versions/2.1.2/lib/ruby/gems/2.1.0/gems/actionpack-4.1.4/lib/action_dispatch/middleware/templates/rescues/_trace.html.erb (1.1ms)
  Rendered /Users/jduarte/.rbenv/versions/2.1.2/lib/ruby/gems/2.1.0/gems/actionpack-4.1.4/lib/action_dispatch/middleware/templates/rescues/_request_and_response.html.erb (7.3ms)
  Rendered /Users/jduarte/.rbenv/versions/2.1.2/lib/ruby/gems/2.1.0/gems/actionpack-4.1.4/lib/action_dispatch/middleware/templates/rescues/diagnostics.erb within rescues/layout (21.5ms)


Started GET "/search_foursquare?utf8=%E2%9C%93&foursquare_search_form%5Blat%5D=36.142064&foursquare_search_form%5Blng%5D=-86.816086&foursquare_search_form%5Bquery%5D=dasdsa&foursquare_search_form%5Bvenue_id%5D=&commit=Search" for 127.0.0.1 at 2014-09-29 16:28:20 +0100
Processing by FoursquareController#search as HTML
  Parameters: {"utf8"=>"✓", "foursquare_search_form"=>{"lat"=>"36.142064", "lng"=>"-86.816086", "query"=>"dasdsa", "venue_id"=>""}, "commit"=>"Search"}
p: {:v=>"20140929", :m=>"foursquare"}

***** Debugger requested, but was not available (ensure the debugger gem is listed in Gemfile/installed as gem): Start server with --debugger to enable *****

Completed 500 Internal Server Error in 283ms

Foursquare2::APIError (param_error: Must provide parameter ll or userll or near (400)):
  app/forms/foursquare_search_form.rb:10:in `search_venues'
  app/controllers/foursquare_controller.rb:8:in `search'


  Rendered /Users/jduarte/.rbenv/versions/2.1.2/lib/ruby/gems/2.1.0/gems/actionpack-4.1.4/lib/action_dispatch/middleware/templates/rescues/_source.erb (0.6ms)
  Rendered /Users/jduarte/.rbenv/versions/2.1.2/lib/ruby/gems/2.1.0/gems/actionpack-4.1.4/lib/action_dispatch/middleware/templates/rescues/_trace.html.erb (1.1ms)
  Rendered /Users/jduarte/.rbenv/versions/2.1.2/lib/ruby/gems/2.1.0/gems/actionpack-4.1.4/lib/action_dispatch/middleware/templates/rescues/_request_and_response.html.erb (1.0ms)
  Rendered /Users/jduarte/.rbenv/versions/2.1.2/lib/ruby/gems/2.1.0/gems/actionpack-4.1.4/lib/action_dispatch/middleware/templates/rescues/diagnostics.erb within rescues/layout (14.8ms)


Started GET "/assets/application.css?body=1" for 127.0.0.1 at 2014-09-29 16:43:22 +0100


Started GET "/search_foursquare?utf8=%E2%9C%93&foursquare_search_form%5Blat%5D=36.142064&foursquare_search_form%5Blng%5D=-86.816086&foursquare_search_form%5Bquery%5D=dasdsa&foursquare_search_form%5Bvenue_id%5D=&commit=Search" for 127.0.0.1 at 2014-09-29 16:43:40 +0100
Processing by FoursquareController#search as HTML
  Parameters: {"utf8"=>"✓", "foursquare_search_form"=>{"lat"=>"36.142064", "lng"=>"-86.816086", "query"=>"dasdsa", "venue_id"=>""}, "commit"=>"Search"}
Completed 500 Internal Server Error in 11ms

LoadError (cannot load such file -- pry):
  app/forms/foursquare_search_form.rb:2:in `<class:FoursquareSearchForm>'
  app/forms/foursquare_search_form.rb:1:in `<top (required)>'
  app/controllers/foursquare_controller.rb:7:in `search'


  Rendered /Users/jduarte/.rbenv/versions/2.1.2/lib/ruby/gems/2.1.0/gems/actionpack-4.1.4/lib/action_dispatch/middleware/templates/rescues/_source.erb (0.7ms)
  Rendered /Users/jduarte/.rbenv/versions/2.1.2/lib/ruby/gems/2.1.0/gems/actionpack-4.1.4/lib/action_dispatch/middleware/templates/rescues/_trace.html.erb (1.3ms)
  Rendered /Users/jduarte/.rbenv/versions/2.1.2/lib/ruby/gems/2.1.0/gems/actionpack-4.1.4/lib/action_dispatch/middleware/templates/rescues/_request_and_response.html.erb (1.1ms)
  Rendered /Users/jduarte/.rbenv/versions/2.1.2/lib/ruby/gems/2.1.0/gems/actionpack-4.1.4/lib/action_dispatch/middleware/templates/rescues/diagnostics.erb within rescues/layout (16.3ms)


Started GET "/search_foursquare?utf8=%E2%9C%93&foursquare_search_form%5Blat%5D=36.142064&foursquare_search_form%5Blng%5D=-86.816086&foursquare_search_form%5Bquery%5D=dasdsa&foursquare_search_form%5Bvenue_id%5D=&commit=Search" for 127.0.0.1 at 2014-09-29 16:43:50 +0100
Processing by FoursquareController#search as HTML
  Parameters: {"utf8"=>"✓", "foursquare_search_form"=>{"lat"=>"36.142064", "lng"=>"-86.816086", "query"=>"dasdsa", "venue_id"=>""}, "commit"=>"Search"}
  Rendered foursquare/index.html.erb within layouts/application (112.6ms)
Completed 200 OK in 797ms (Views: 299.1ms | ActiveRecord: 0.0ms)


Started GET "/assets/application.css?body=1" for 127.0.0.1 at 2014-09-29 16:43:51 +0100


Started GET "/assets/jquery.js?body=1" for 127.0.0.1 at 2014-09-29 16:43:51 +0100


Started GET "/assets/jquery_ujs.js?body=1" for 127.0.0.1 at 2014-09-29 16:43:51 +0100


Started GET "/assets/turbolinks.js?body=1" for 127.0.0.1 at 2014-09-29 16:43:51 +0100


Started GET "/assets/application.js?body=1" for 127.0.0.1 at 2014-09-29 16:43:51 +0100


Started GET "/search_foursquare?utf8=%E2%9C%93&foursquare_search_form%5Blat%5D=36.142064&foursquare_search_form%5Blng%5D=-86.816086&foursquare_search_form%5Bquery%5D=&foursquare_search_form%5Bvenue_id%5D=&commit=Search" for 127.0.0.1 at 2014-09-29 16:44:00 +0100
Processing by FoursquareController#search as HTML
  Parameters: {"utf8"=>"✓", "foursquare_search_form"=>{"lat"=>"36.142064", "lng"=>"-86.816086", "query"=>"", "venue_id"=>""}, "commit"=>"Search"}
  Rendered foursquare/index.html.erb within layouts/application (42.3ms)
Completed 200 OK in 850ms (Views: 71.3ms | ActiveRecord: 0.0ms)


Started GET "/assets/application.css?body=1" for 127.0.0.1 at 2014-09-29 16:44:01 +0100


Started GET "/assets/jquery_ujs.js?body=1" for 127.0.0.1 at 2014-09-29 16:44:01 +0100


Started GET "/assets/jquery.js?body=1" for 127.0.0.1 at 2014-09-29 16:44:01 +0100


Started GET "/assets/application.js?body=1" for 127.0.0.1 at 2014-09-29 16:44:01 +0100


Started GET "/assets/turbolinks.js?body=1" for 127.0.0.1 at 2014-09-29 16:44:01 +0100


Started GET "/search_foursquare?utf8=%E2%9C%93&foursquare_search_form%5Blat%5D=36.142064&foursquare_search_form%5Blng%5D=-86.816086&foursquare_search_form%5Bquery%5D=&foursquare_search_form%5Bvenue_id%5D=&commit=Search" for 127.0.0.1 at 2014-09-29 16:44:13 +0100
Processing by FoursquareController#search as HTML
  Parameters: {"utf8"=>"✓", "foursquare_search_form"=>{"lat"=>"36.142064", "lng"=>"-86.816086", "query"=>"", "venue_id"=>""}, "commit"=>"Search"}
  Rendered foursquare/index.html.erb within layouts/application (49.0ms)
Completed 200 OK in 446ms (Views: 87.4ms | ActiveRecord: 0.0ms)


Started GET "/assets/application.css?body=1" for 127.0.0.1 at 2014-09-29 16:44:14 +0100


Started GET "/assets/jquery_ujs.js?body=1" for 127.0.0.1 at 2014-09-29 16:44:14 +0100


Started GET "/assets/application.js?body=1" for 127.0.0.1 at 2014-09-29 16:44:14 +0100


Started GET "/assets/turbolinks.js?body=1" for 127.0.0.1 at 2014-09-29 16:44:14 +0100


Started GET "/assets/jquery.js?body=1" for 127.0.0.1 at 2014-09-29 16:44:14 +0100


Started GET "/search_foursquare?utf8=%E2%9C%93&foursquare_search_form%5Blat%5D=&foursquare_search_form%5Blng%5D=&foursquare_search_form%5Bquery%5D=Lisbon&foursquare_search_form%5Bvenue_id%5D=&commit=Search" for 127.0.0.1 at 2014-09-29 16:45:50 +0100
Processing by FoursquareController#search as HTML
  Parameters: {"utf8"=>"✓", "foursquare_search_form"=>{"lat"=>"", "lng"=>"", "query"=>"Lisbon", "venue_id"=>""}, "commit"=>"Search"}
  Rendered foursquare/index.html.erb within layouts/application (71.4ms)
Completed 200 OK in 1017ms (Views: 103.5ms | ActiveRecord: 0.0ms)


Started GET "/assets/application.css?body=1" for 127.0.0.1 at 2014-09-29 16:45:51 +0100


Started GET "/assets/jquery_ujs.js?body=1" for 127.0.0.1 at 2014-09-29 16:45:51 +0100


Started GET "/assets/jquery.js?body=1" for 127.0.0.1 at 2014-09-29 16:45:51 +0100


Started GET "/assets/turbolinks.js?body=1" for 127.0.0.1 at 2014-09-29 16:45:51 +0100


Started GET "/assets/application.js?body=1" for 127.0.0.1 at 2014-09-29 16:45:51 +0100


Started GET "/search_foursquare?utf8=%E2%9C%93&foursquare_search_form%5Blat%5D=&foursquare_search_form%5Blng%5D=&foursquare_search_form%5Bquery%5D=Lisbon&foursquare_search_form%5Bvenue_id%5D=4bf58dd8d48988d184941735&commit=Search" for 127.0.0.1 at 2014-09-29 16:46:34 +0100
Processing by FoursquareController#search as HTML
  Parameters: {"utf8"=>"✓", "foursquare_search_form"=>{"lat"=>"", "lng"=>"", "query"=>"Lisbon", "venue_id"=>"4bf58dd8d48988d184941735"}, "commit"=>"Search"}
  Rendered foursquare/index.html.erb within layouts/application (44.2ms)
Completed 200 OK in 506ms (Views: 77.7ms | ActiveRecord: 0.0ms)


Started GET "/assets/application.css?body=1" for 127.0.0.1 at 2014-09-29 16:46:34 +0100


Started GET "/assets/jquery.js?body=1" for 127.0.0.1 at 2014-09-29 16:46:34 +0100


Started GET "/assets/jquery_ujs.js?body=1" for 127.0.0.1 at 2014-09-29 16:46:34 +0100


Started GET "/assets/turbolinks.js?body=1" for 127.0.0.1 at 2014-09-29 16:46:34 +0100


Started GET "/assets/application.js?body=1" for 127.0.0.1 at 2014-09-29 16:46:34 +0100


Started GET "/search_foursquare?utf8=%E2%9C%93&foursquare_search_form%5Blat%5D=&foursquare_search_form%5Blng%5D=&foursquare_search_form%5Bquery%5D=Lisbon&foursquare_search_form%5Bvenue_id%5D=4bf58dd8d48988d184941735&commit=Search" for 127.0.0.1 at 2014-09-29 16:46:38 +0100
Processing by FoursquareController#search as HTML
  Parameters: {"utf8"=>"✓", "foursquare_search_form"=>{"lat"=>"", "lng"=>"", "query"=>"Lisbon", "venue_id"=>"4bf58dd8d48988d184941735"}, "commit"=>"Search"}
  Rendered foursquare/index.html.erb within layouts/application (52.5ms)
Completed 200 OK in 450ms (Views: 82.5ms | ActiveRecord: 0.0ms)


Started GET "/assets/turbolinks.js?body=1" for 127.0.0.1 at 2014-09-29 16:46:38 +0100


Started GET "/assets/jquery_ujs.js?body=1" for 127.0.0.1 at 2014-09-29 16:46:38 +0100


Started GET "/assets/application.css?body=1" for 127.0.0.1 at 2014-09-29 16:46:38 +0100


Started GET "/assets/jquery.js?body=1" for 127.0.0.1 at 2014-09-29 16:46:38 +0100


Started GET "/assets/application.js?body=1" for 127.0.0.1 at 2014-09-29 16:46:38 +0100


Started GET "/search_foursquare?utf8=%E2%9C%93&foursquare_search_form%5Blat%5D=&foursquare_search_form%5Blng%5D=&foursquare_search_form%5Bquery%5D=&foursquare_search_form%5Bvenue_id%5D=4bf58dd8d48988d184941735&commit=Search" for 127.0.0.1 at 2014-09-29 16:46:42 +0100
Processing by FoursquareController#search as HTML
  Parameters: {"utf8"=>"✓", "foursquare_search_form"=>{"lat"=>"", "lng"=>"", "query"=>"", "venue_id"=>"4bf58dd8d48988d184941735"}, "commit"=>"Search"}
Completed 500 Internal Server Error in 326ms

Foursquare2::APIError (param_error: Must provide parameter ll or userll or near (400)):
  app/forms/foursquare_search_form.rb:10:in `search_venues'
  app/controllers/foursquare_controller.rb:8:in `search'


  Rendered /Users/jduarte/.rbenv/versions/2.1.2/lib/ruby/gems/2.1.0/gems/actionpack-4.1.4/lib/action_dispatch/middleware/templates/rescues/_source.erb (0.6ms)
  Rendered /Users/jduarte/.rbenv/versions/2.1.2/lib/ruby/gems/2.1.0/gems/actionpack-4.1.4/lib/action_dispatch/middleware/templates/rescues/_trace.html.erb (1.6ms)
  Rendered /Users/jduarte/.rbenv/versions/2.1.2/lib/ruby/gems/2.1.0/gems/actionpack-4.1.4/lib/action_dispatch/middleware/templates/rescues/_request_and_response.html.erb (1.1ms)
  Rendered /Users/jduarte/.rbenv/versions/2.1.2/lib/ruby/gems/2.1.0/gems/actionpack-4.1.4/lib/action_dispatch/middleware/templates/rescues/diagnostics.erb within rescues/layout (17.5ms)


Started GET "/search_foursquare?utf8=%E2%9C%93&foursquare_search_form%5Blat%5D=&foursquare_search_form%5Blng%5D=&foursquare_search_form%5Bquery%5D=Lisbon&foursquare_search_form%5Bvenue_id%5D=4bf58dd8d48988d184941735&commit=Search" for 127.0.0.1 at 2014-09-29 16:46:53 +0100
Processing by FoursquareController#search as HTML
  Parameters: {"utf8"=>"✓", "foursquare_search_form"=>{"lat"=>"", "lng"=>"", "query"=>"Lisbon", "venue_id"=>"4bf58dd8d48988d184941735"}, "commit"=>"Search"}
  Rendered foursquare/index.html.erb within layouts/application (51.0ms)
Completed 200 OK in 882ms (Views: 77.4ms | ActiveRecord: 0.0ms)


Started GET "/assets/application.css?body=1" for 127.0.0.1 at 2014-09-29 16:46:54 +0100


Started GET "/assets/jquery.js?body=1" for 127.0.0.1 at 2014-09-29 16:46:54 +0100


Started GET "/assets/turbolinks.js?body=1" for 127.0.0.1 at 2014-09-29 16:46:54 +0100


Started GET "/assets/jquery_ujs.js?body=1" for 127.0.0.1 at 2014-09-29 16:46:54 +0100


Started GET "/assets/application.js?body=1" for 127.0.0.1 at 2014-09-29 16:46:54 +0100


Started GET "/search_foursquare?utf8=%E2%9C%93&foursquare_search_form%5Blat%5D=&foursquare_search_form%5Blng%5D=&foursquare_search_form%5Bquery%5D=&foursquare_search_form%5Bvenue_id%5D=&commit=Search" for 127.0.0.1 at 2014-09-29 16:49:14 +0100
Processing by FoursquareController#search as HTML
  Parameters: {"utf8"=>"✓", "foursquare_search_form"=>{"lat"=>"", "lng"=>"", "query"=>"", "venue_id"=>""}, "commit"=>"Search"}
Completed 500 Internal Server Error in 387ms

Foursquare2::APIError (param_error: Must provide parameter ll or userll or near (400)):
  app/forms/foursquare_search_form.rb:10:in `search_venues'
  app/controllers/foursquare_controller.rb:8:in `search'


  Rendered /Users/jduarte/.rbenv/versions/2.1.2/lib/ruby/gems/2.1.0/gems/actionpack-4.1.4/lib/action_dispatch/middleware/templates/rescues/_source.erb (0.6ms)
  Rendered /Users/jduarte/.rbenv/versions/2.1.2/lib/ruby/gems/2.1.0/gems/actionpack-4.1.4/lib/action_dispatch/middleware/templates/rescues/_trace.html.erb (4.7ms)
  Rendered /Users/jduarte/.rbenv/versions/2.1.2/lib/ruby/gems/2.1.0/gems/actionpack-4.1.4/lib/action_dispatch/middleware/templates/rescues/_request_and_response.html.erb (1.1ms)
  Rendered /Users/jduarte/.rbenv/versions/2.1.2/lib/ruby/gems/2.1.0/gems/actionpack-4.1.4/lib/action_dispatch/middleware/templates/rescues/diagnostics.erb within rescues/layout (18.6ms)


Started GET "/search_foursquare?utf8=%E2%9C%93&foursquare_search_form%5Blat%5D=&foursquare_search_form%5Blng%5D=&foursquare_search_form%5Bquery%5D=Lisbon&foursquare_search_form%5Bvenue_id%5D=4bf58dd8d48988d184941735&commit=Search" for 127.0.0.1 at 2014-09-29 16:50:43 +0100
Processing by FoursquareController#search as HTML
  Parameters: {"utf8"=>"✓", "foursquare_search_form"=>{"lat"=>"", "lng"=>"", "query"=>"Lisbon", "venue_id"=>"4bf58dd8d48988d184941735"}, "commit"=>"Search"}
  Rendered foursquare/index.html.erb within layouts/application (1.9ms)
Completed 200 OK in 916ms (Views: 27.2ms | ActiveRecord: 0.0ms)


Started GET "/assets/jquery.js?body=1" for 127.0.0.1 at 2014-09-29 16:50:44 +0100


Started GET "/assets/application.css?body=1" for 127.0.0.1 at 2014-09-29 16:50:44 +0100


Started GET "/assets/jquery_ujs.js?body=1" for 127.0.0.1 at 2014-09-29 16:50:45 +0100


Started GET "/assets/turbolinks.js?body=1" for 127.0.0.1 at 2014-09-29 16:50:45 +0100


Started GET "/assets/application.js?body=1" for 127.0.0.1 at 2014-09-29 16:50:45 +0100


Started GET "/search_foursquare?utf8=%E2%9C%93&foursquare_search_form%5Blat%5D=&foursquare_search_form%5Blng%5D=&foursquare_search_form%5Bquery%5D=Lisbon&foursquare_search_form%5Bvenue_id%5D=&commit=Search" for 127.0.0.1 at 2014-09-29 16:50:48 +0100
Processing by FoursquareController#search as HTML
  Parameters: {"utf8"=>"✓", "foursquare_search_form"=>{"lat"=>"", "lng"=>"", "query"=>"Lisbon", "venue_id"=>""}, "commit"=>"Search"}
  Rendered foursquare/index.html.erb within layouts/application (2.3ms)
Completed 200 OK in 773ms (Views: 42.0ms | ActiveRecord: 0.0ms)


Started GET "/assets/application.css?body=1" for 127.0.0.1 at 2014-09-29 16:50:49 +0100


Started GET "/assets/jquery.js?body=1" for 127.0.0.1 at 2014-09-29 16:50:49 +0100


Started GET "/assets/turbolinks.js?body=1" for 127.0.0.1 at 2014-09-29 16:50:49 +0100


Started GET "/assets/jquery_ujs.js?body=1" for 127.0.0.1 at 2014-09-29 16:50:49 +0100


Started GET "/assets/application.js?body=1" for 127.0.0.1 at 2014-09-29 16:50:49 +0100


Started GET "/search_foursquare?utf8=%E2%9C%93&foursquare_search_form%5Blat%5D=&foursquare_search_form%5Blng%5D=&foursquare_search_form%5Bquery%5D=Lisbon&foursquare_search_form%5Bvenue_id%5D=&commit=Search" for 127.0.0.1 at 2014-09-29 16:50:49 +0100
Processing by FoursquareController#search as HTML
  Parameters: {"utf8"=>"✓", "foursquare_search_form"=>{"lat"=>"", "lng"=>"", "query"=>"Lisbon", "venue_id"=>""}, "commit"=>"Search"}
  Rendered foursquare/index.html.erb within layouts/application (1.5ms)
Completed 200 OK in 412ms (Views: 28.7ms | ActiveRecord: 0.0ms)


Started GET "/assets/application.css?body=1" for 127.0.0.1 at 2014-09-29 16:50:50 +0100


Started GET "/assets/turbolinks.js?body=1" for 127.0.0.1 at 2014-09-29 16:50:50 +0100


Started GET "/assets/jquery.js?body=1" for 127.0.0.1 at 2014-09-29 16:50:50 +0100


Started GET "/assets/application.js?body=1" for 127.0.0.1 at 2014-09-29 16:50:50 +0100


Started GET "/assets/jquery_ujs.js?body=1" for 127.0.0.1 at 2014-09-29 16:50:50 +0100


Started GET "/search_foursquare?utf8=%E2%9C%93&foursquare_search_form%5Blat%5D=&foursquare_search_form%5Blng%5D=&foursquare_search_form%5Bquery%5D=Lisbon&foursquare_search_form%5Bvenue_id%5D=&commit=Search" for 127.0.0.1 at 2014-09-29 16:50:55 +0100
Processing by FoursquareController#search as HTML
  Parameters: {"utf8"=>"✓", "foursquare_search_form"=>{"lat"=>"", "lng"=>"", "query"=>"Lisbon", "venue_id"=>""}, "commit"=>"Search"}
  Rendered foursquare/index.html.erb within layouts/application (51.3ms)
Completed 200 OK in 507ms (Views: 76.8ms | ActiveRecord: 0.0ms)


Started GET "/assets/jquery.js?body=1" for 127.0.0.1 at 2014-09-29 16:50:56 +0100


Started GET "/assets/application.css?body=1" for 127.0.0.1 at 2014-09-29 16:50:56 +0100


Started GET "/assets/application.js?body=1" for 127.0.0.1 at 2014-09-29 16:50:56 +0100


Started GET "/assets/turbolinks.js?body=1" for 127.0.0.1 at 2014-09-29 16:50:56 +0100


Started GET "/assets/jquery_ujs.js?body=1" for 127.0.0.1 at 2014-09-29 16:50:56 +0100


Started GET "/search_foursquare?utf8=%E2%9C%93&foursquare_search_form%5Blat%5D=&foursquare_search_form%5Blng%5D=&foursquare_search_form%5Bquery%5D=Lisbon&foursquare_search_form%5Bvenue_id%5D=&commit=Search" for 127.0.0.1 at 2014-09-29 16:51:03 +0100
Processing by FoursquareController#search as HTML
  Parameters: {"utf8"=>"✓", "foursquare_search_form"=>{"lat"=>"", "lng"=>"", "query"=>"Lisbon", "venue_id"=>""}, "commit"=>"Search"}
  Rendered foursquare/index.html.erb within layouts/application (41.5ms)
Completed 200 OK in 439ms (Views: 76.7ms | ActiveRecord: 0.0ms)


Started GET "/assets/jquery.js?body=1" for 127.0.0.1 at 2014-09-29 16:51:04 +0100


Started GET "/assets/application.css?body=1" for 127.0.0.1 at 2014-09-29 16:51:04 +0100


Started GET "/assets/turbolinks.js?body=1" for 127.0.0.1 at 2014-09-29 16:51:04 +0100


Started GET "/assets/application.js?body=1" for 127.0.0.1 at 2014-09-29 16:51:04 +0100


Started GET "/assets/jquery_ujs.js?body=1" for 127.0.0.1 at 2014-09-29 16:51:04 +0100


Started GET "/search_foursquare?utf8=%E2%9C%93&foursquare_search_form%5Blat%5D=&foursquare_search_form%5Blng%5D=&foursquare_search_form%5Bquery%5D=Lisbon&foursquare_search_form%5Bvenue_id%5D=&commit=Search" for 127.0.0.1 at 2014-09-29 16:51:30 +0100
Processing by FoursquareController#search as HTML
  Parameters: {"utf8"=>"✓", "foursquare_search_form"=>{"lat"=>"", "lng"=>"", "query"=>"Lisbon", "venue_id"=>""}, "commit"=>"Search"}
  Rendered foursquare/index.html.erb within layouts/application (2.6ms)
Completed 200 OK in 2451ms (Views: 43.3ms | ActiveRecord: 0.0ms)


Started GET "/assets/application.css?body=1" for 127.0.0.1 at 2014-09-29 16:51:32 +0100


Started GET "/assets/jquery_ujs.js?body=1" for 127.0.0.1 at 2014-09-29 16:51:32 +0100


Started GET "/assets/jquery.js?body=1" for 127.0.0.1 at 2014-09-29 16:51:32 +0100


Started GET "/assets/turbolinks.js?body=1" for 127.0.0.1 at 2014-09-29 16:51:32 +0100


Started GET "/assets/application.js?body=1" for 127.0.0.1 at 2014-09-29 16:51:32 +0100


Started GET "/search_foursquare?utf8=%E2%9C%93&foursquare_search_form%5Blat%5D=&foursquare_search_form%5Blng%5D=&foursquare_search_form%5Bquery%5D=Lisbon&foursquare_search_form%5Bvenue_id%5D=&commit=Search" for 127.0.0.1 at 2014-09-29 16:52:55 +0100
Processing by FoursquareController#search as HTML
  Parameters: {"utf8"=>"✓", "foursquare_search_form"=>{"lat"=>"", "lng"=>"", "query"=>"Lisbon", "venue_id"=>""}, "commit"=>"Search"}
  Rendered foursquare/index.html.erb within layouts/application (41.8ms)
Completed 200 OK in 1006ms (Views: 74.1ms | ActiveRecord: 0.0ms)


Started GET "/assets/application.css?body=1" for 127.0.0.1 at 2014-09-29 16:52:56 +0100


Started GET "/assets/jquery.js?body=1" for 127.0.0.1 at 2014-09-29 16:52:56 +0100


Started GET "/assets/jquery_ujs.js?body=1" for 127.0.0.1 at 2014-09-29 16:52:56 +0100


Started GET "/assets/turbolinks.js?body=1" for 127.0.0.1 at 2014-09-29 16:52:56 +0100


Started GET "/assets/application.js?body=1" for 127.0.0.1 at 2014-09-29 16:52:56 +0100


Started GET "/search_foursquare?utf8=%E2%9C%93&foursquare_search_form%5Blat%5D=&foursquare_search_form%5Blng%5D=&foursquare_search_form%5Bquery%5D=est%C3%A1dio+da+luz&foursquare_search_form%5Bvenue_id%5D=&commit=Search" for 127.0.0.1 at 2014-09-29 17:00:20 +0100
Processing by FoursquareController#search as HTML
  Parameters: {"utf8"=>"✓", "foursquare_search_form"=>{"lat"=>"", "lng"=>"", "query"=>"estádio da luz", "venue_id"=>""}, "commit"=>"Search"}
Completed 500 Internal Server Error in 821ms

Foursquare2::APIError (server_error: Foursquare servers are experiencing problems. Please retry and check status.foursquare.com for updates. (500)):
  app/forms/foursquare_search_form.rb:10:in `search_venues'
  app/controllers/foursquare_controller.rb:8:in `search'


  Rendered /Users/jduarte/.rbenv/versions/2.1.2/lib/ruby/gems/2.1.0/gems/actionpack-4.1.4/lib/action_dispatch/middleware/templates/rescues/_source.erb (0.7ms)
  Rendered /Users/jduarte/.rbenv/versions/2.1.2/lib/ruby/gems/2.1.0/gems/actionpack-4.1.4/lib/action_dispatch/middleware/templates/rescues/_trace.html.erb (1.3ms)
  Rendered /Users/jduarte/.rbenv/versions/2.1.2/lib/ruby/gems/2.1.0/gems/actionpack-4.1.4/lib/action_dispatch/middleware/templates/rescues/_request_and_response.html.erb (1.1ms)
  Rendered /Users/jduarte/.rbenv/versions/2.1.2/lib/ruby/gems/2.1.0/gems/actionpack-4.1.4/lib/action_dispatch/middleware/templates/rescues/diagnostics.erb within rescues/layout (16.2ms)


Started GET "/search_foursquare?utf8=%E2%9C%93&foursquare_search_form%5Blat%5D=&foursquare_search_form%5Blng%5D=&foursquare_search_form%5Bquery%5D=est%C3%A1dio+da+luz&foursquare_search_form%5Bvenue_id%5D=&commit=Search" for 127.0.0.1 at 2014-09-29 17:00:26 +0100
Processing by FoursquareController#search as HTML
  Parameters: {"utf8"=>"✓", "foursquare_search_form"=>{"lat"=>"", "lng"=>"", "query"=>"estádio da luz", "venue_id"=>""}, "commit"=>"Search"}
Completed 500 Internal Server Error in 314ms

Foursquare2::APIError (server_error: Foursquare servers are experiencing problems. Please retry and check status.foursquare.com for updates. (500)):
  app/forms/foursquare_search_form.rb:10:in `search_venues'
  app/controllers/foursquare_controller.rb:8:in `search'


  Rendered /Users/jduarte/.rbenv/versions/2.1.2/lib/ruby/gems/2.1.0/gems/actionpack-4.1.4/lib/action_dispatch/middleware/templates/rescues/_source.erb (0.6ms)
  Rendered /Users/jduarte/.rbenv/versions/2.1.2/lib/ruby/gems/2.1.0/gems/actionpack-4.1.4/lib/action_dispatch/middleware/templates/rescues/_trace.html.erb (1.2ms)
  Rendered /Users/jduarte/.rbenv/versions/2.1.2/lib/ruby/gems/2.1.0/gems/actionpack-4.1.4/lib/action_dispatch/middleware/templates/rescues/_request_and_response.html.erb (1.0ms)
  Rendered /Users/jduarte/.rbenv/versions/2.1.2/lib/ruby/gems/2.1.0/gems/actionpack-4.1.4/lib/action_dispatch/middleware/templates/rescues/diagnostics.erb within rescues/layout (15.3ms)


Started GET "/search_foursquare?utf8=%E2%9C%93&foursquare_search_form%5Blat%5D=&foursquare_search_form%5Blng%5D=&foursquare_search_form%5Bquery%5D=est%C3%A1dio+da+luz&foursquare_search_form%5Bvenue_id%5D=&commit=Search" for 127.0.0.1 at 2014-09-29 17:00:28 +0100
Processing by FoursquareController#search as HTML
  Parameters: {"utf8"=>"✓", "foursquare_search_form"=>{"lat"=>"", "lng"=>"", "query"=>"estádio da luz", "venue_id"=>""}, "commit"=>"Search"}
Completed 500 Internal Server Error in 309ms

Foursquare2::APIError (server_error: Foursquare servers are experiencing problems. Please retry and check status.foursquare.com for updates. (500)):
  app/forms/foursquare_search_form.rb:10:in `search_venues'
  app/controllers/foursquare_controller.rb:8:in `search'


  Rendered /Users/jduarte/.rbenv/versions/2.1.2/lib/ruby/gems/2.1.0/gems/actionpack-4.1.4/lib/action_dispatch/middleware/templates/rescues/_source.erb (0.9ms)
  Rendered /Users/jduarte/.rbenv/versions/2.1.2/lib/ruby/gems/2.1.0/gems/actionpack-4.1.4/lib/action_dispatch/middleware/templates/rescues/_trace.html.erb (1.1ms)
  Rendered /Users/jduarte/.rbenv/versions/2.1.2/lib/ruby/gems/2.1.0/gems/actionpack-4.1.4/lib/action_dispatch/middleware/templates/rescues/_request_and_response.html.erb (0.9ms)
  Rendered /Users/jduarte/.rbenv/versions/2.1.2/lib/ruby/gems/2.1.0/gems/actionpack-4.1.4/lib/action_dispatch/middleware/templates/rescues/diagnostics.erb within rescues/layout (14.8ms)


Started GET "/search_foursquare?utf8=%E2%9C%93&foursquare_search_form%5Blat%5D=&foursquare_search_form%5Blng%5D=&foursquare_search_form%5Bquery%5D=est%C3%A1dio+da+luz&foursquare_search_form%5Bvenue_id%5D=&commit=Search" for 127.0.0.1 at 2014-09-29 17:00:29 +0100
Processing by FoursquareController#search as HTML
  Parameters: {"utf8"=>"✓", "foursquare_search_form"=>{"lat"=>"", "lng"=>"", "query"=>"estádio da luz", "venue_id"=>""}, "commit"=>"Search"}
Completed 500 Internal Server Error in 528ms

Foursquare2::APIError (failed_geocode: Couldn't geocode param near: estádio da luz (400)):
  app/forms/foursquare_search_form.rb:10:in `search_venues'
  app/controllers/foursquare_controller.rb:8:in `search'


  Rendered /Users/jduarte/.rbenv/versions/2.1.2/lib/ruby/gems/2.1.0/gems/actionpack-4.1.4/lib/action_dispatch/middleware/templates/rescues/_source.erb (0.6ms)
  Rendered /Users/jduarte/.rbenv/versions/2.1.2/lib/ruby/gems/2.1.0/gems/actionpack-4.1.4/lib/action_dispatch/middleware/templates/rescues/_trace.html.erb (1.2ms)
  Rendered /Users/jduarte/.rbenv/versions/2.1.2/lib/ruby/gems/2.1.0/gems/actionpack-4.1.4/lib/action_dispatch/middleware/templates/rescues/_request_and_response.html.erb (1.0ms)
  Rendered /Users/jduarte/.rbenv/versions/2.1.2/lib/ruby/gems/2.1.0/gems/actionpack-4.1.4/lib/action_dispatch/middleware/templates/rescues/diagnostics.erb within rescues/layout (15.0ms)


Started GET "/search_foursquare?utf8=%E2%9C%93&foursquare_search_form%5Blat%5D=&foursquare_search_form%5Blng%5D=&foursquare_search_form%5Bquery%5D=est%C3%A1dio+da+luz&foursquare_search_form%5Bvenue_id%5D=&commit=Search" for 127.0.0.1 at 2014-09-29 17:00:31 +0100
Processing by FoursquareController#search as HTML
  Parameters: {"utf8"=>"✓", "foursquare_search_form"=>{"lat"=>"", "lng"=>"", "query"=>"estádio da luz", "venue_id"=>""}, "commit"=>"Search"}
Completed 500 Internal Server Error in 325ms

Foursquare2::APIError (server_error: Foursquare servers are experiencing problems. Please retry and check status.foursquare.com for updates. (500)):
  app/forms/foursquare_search_form.rb:10:in `search_venues'
  app/controllers/foursquare_controller.rb:8:in `search'


  Rendered /Users/jduarte/.rbenv/versions/2.1.2/lib/ruby/gems/2.1.0/gems/actionpack-4.1.4/lib/action_dispatch/middleware/templates/rescues/_source.erb (0.8ms)
  Rendered /Users/jduarte/.rbenv/versions/2.1.2/lib/ruby/gems/2.1.0/gems/actionpack-4.1.4/lib/action_dispatch/middleware/templates/rescues/_trace.html.erb (2.1ms)
  Rendered /Users/jduarte/.rbenv/versions/2.1.2/lib/ruby/gems/2.1.0/gems/actionpack-4.1.4/lib/action_dispatch/middleware/templates/rescues/_request_and_response.html.erb (7.4ms)
  Rendered /Users/jduarte/.rbenv/versions/2.1.2/lib/ruby/gems/2.1.0/gems/actionpack-4.1.4/lib/action_dispatch/middleware/templates/rescues/diagnostics.erb within rescues/layout (24.4ms)


Started GET "/search_foursquare?utf8=%E2%9C%93&foursquare_search_form%5Blat%5D=&foursquare_search_form%5Blng%5D=&foursquare_search_form%5Bquery%5D=est%C3%A1dio+da+luz&foursquare_search_form%5Bvenue_id%5D=&commit=Search" for 127.0.0.1 at 2014-09-29 17:00:33 +0100
Processing by FoursquareController#search as HTML
  Parameters: {"utf8"=>"✓", "foursquare_search_form"=>{"lat"=>"", "lng"=>"", "query"=>"estádio da luz", "venue_id"=>""}, "commit"=>"Search"}
Completed 500 Internal Server Error in 324ms

Foursquare2::APIError (server_error: Foursquare servers are experiencing problems. Please retry and check status.foursquare.com for updates. (500)):
  app/forms/foursquare_search_form.rb:10:in `search_venues'
  app/controllers/foursquare_controller.rb:8:in `search'


  Rendered /Users/jduarte/.rbenv/versions/2.1.2/lib/ruby/gems/2.1.0/gems/actionpack-4.1.4/lib/action_dispatch/middleware/templates/rescues/_source.erb (0.7ms)
  Rendered /Users/jduarte/.rbenv/versions/2.1.2/lib/ruby/gems/2.1.0/gems/actionpack-4.1.4/lib/action_dispatch/middleware/templates/rescues/_trace.html.erb (1.3ms)
  Rendered /Users/jduarte/.rbenv/versions/2.1.2/lib/ruby/gems/2.1.0/gems/actionpack-4.1.4/lib/action_dispatch/middleware/templates/rescues/_request_and_response.html.erb (1.1ms)
  Rendered /Users/jduarte/.rbenv/versions/2.1.2/lib/ruby/gems/2.1.0/gems/actionpack-4.1.4/lib/action_dispatch/middleware/templates/rescues/diagnostics.erb within rescues/layout (15.7ms)


Started GET "/search_foursquare?utf8=%E2%9C%93&foursquare_search_form%5Blat%5D=&foursquare_search_form%5Blng%5D=&foursquare_search_form%5Bquery%5D=lisbon&foursquare_search_form%5Bvenue_id%5D=&commit=Search" for 127.0.0.1 at 2014-09-29 17:00:38 +0100
Processing by FoursquareController#search as HTML
  Parameters: {"utf8"=>"✓", "foursquare_search_form"=>{"lat"=>"", "lng"=>"", "query"=>"lisbon", "venue_id"=>""}, "commit"=>"Search"}
  Rendered foursquare/index.html.erb within layouts/application (42.7ms)
Completed 200 OK in 455ms (Views: 73.3ms | ActiveRecord: 0.0ms)


Started GET "/assets/turbolinks.js?body=1" for 127.0.0.1 at 2014-09-29 17:00:38 +0100


Started GET "/assets/application.js?body=1" for 127.0.0.1 at 2014-09-29 17:00:38 +0100


Started GET "/assets/jquery.js?body=1" for 127.0.0.1 at 2014-09-29 17:00:38 +0100


Started GET "/assets/jquery_ujs.js?body=1" for 127.0.0.1 at 2014-09-29 17:00:38 +0100


Started GET "/assets/application.css?body=1" for 127.0.0.1 at 2014-09-29 17:00:38 +0100


Started GET "/" for 127.0.0.1 at 2014-09-30 10:38:35 +0100
Processing by FoursquareController#index as HTML
  Rendered foursquare/index.html.erb within layouts/application (206.1ms)
Completed 200 OK in 1636ms (Views: 1499.1ms | ActiveRecord: 0.0ms)


Started GET "/search_foursquare?utf8=%E2%9C%93&foursquare_search_form%5Blat%5D=&foursquare_search_form%5Blng%5D=&foursquare_search_form%5Bquery%5D=lisbon&foursquare_search_form%5Bvenue_id%5D=&commit=Search" for 127.0.0.1 at 2014-09-30 10:38:37 +0100
Processing by FoursquareController#search as HTML
  Parameters: {"utf8"=>"✓", "foursquare_search_form"=>{"lat"=>"", "lng"=>"", "query"=>"lisbon", "venue_id"=>""}, "commit"=>"Search"}
  Rendered foursquare/index.html.erb within layouts/application (62.7ms)
Completed 200 OK in 2992ms (Views: 90.6ms | ActiveRecord: 0.0ms)


Started GET "/assets/jquery.js?body=1" for 127.0.0.1 at 2014-09-30 10:38:40 +0100


Started GET "/assets/turbolinks.js?body=1" for 127.0.0.1 at 2014-09-30 10:38:40 +0100


Started GET "/assets/application.css?body=1" for 127.0.0.1 at 2014-09-30 10:38:40 +0100


Started GET "/assets/jquery_ujs.js?body=1" for 127.0.0.1 at 2014-09-30 10:38:40 +0100


Started GET "/assets/application.js?body=1" for 127.0.0.1 at 2014-09-30 10:38:40 +0100


Started GET "/assets/application.css?body=1" for 127.0.0.1 at 2014-09-30 10:38:41 +0100


Started GET "/assets/application.js?body=1" for 127.0.0.1 at 2014-09-30 10:38:41 +0100


Started GET "/assets/turbolinks.js?body=1" for 127.0.0.1 at 2014-09-30 10:38:41 +0100


Started GET "/assets/jquery_ujs.js?body=1" for 127.0.0.1 at 2014-09-30 10:38:41 +0100


Started GET "/assets/jquery.js?body=1" for 127.0.0.1 at 2014-09-30 10:38:42 +0100


Started GET "/search_foursquare?utf8=%E2%9C%93&foursquare_search_form%5Blat%5D=&foursquare_search_form%5Blng%5D=&foursquare_search_form%5Bquery%5D=lisbon&foursquare_search_form%5Bvenue_id%5D=&commit=Search" for 127.0.0.1 at 2014-09-30 11:44:31 +0100
Processing by FoursquareController#search as HTML
  Parameters: {"utf8"=>"✓", "foursquare_search_form"=>{"lat"=>"", "lng"=>"", "query"=>"lisbon", "venue_id"=>""}, "commit"=>"Search"}
  Rendered foursquare/index.html.erb within layouts/application (43.1ms)
Completed 200 OK in 574ms (Views: 97.6ms | ActiveRecord: 0.0ms)


Started GET "/assets/application.css?body=1" for 127.0.0.1 at 2014-09-30 11:44:31 +0100


Started GET "/assets/jquery.js?body=1" for 127.0.0.1 at 2014-09-30 11:44:31 +0100


Started GET "/assets/jquery_ujs.js?body=1" for 127.0.0.1 at 2014-09-30 11:44:31 +0100


Started GET "/assets/application.js?body=1" for 127.0.0.1 at 2014-09-30 11:44:31 +0100


Started GET "/assets/turbolinks.js?body=1" for 127.0.0.1 at 2014-09-30 11:44:31 +0100


Started GET "/search_foursquare?utf8=%E2%9C%93&foursquare_search_form%5Blat%5D=&foursquare_search_form%5Blng%5D=&foursquare_search_form%5Bquery%5D=lisbon&foursquare_search_form%5Bvenue_id%5D=&commit=Search" for 127.0.0.1 at 2014-09-30 11:47:14 +0100
Processing by FoursquareController#search as HTML
  Parameters: {"utf8"=>"✓", "foursquare_search_form"=>{"lat"=>"", "lng"=>"", "query"=>"lisbon", "venue_id"=>""}, "commit"=>"Search"}
Completed 500 Internal Server Error in 792ms

Foursquare2::APIError (param_error: Must provide parameter ll (400)):
  app/forms/foursquare_search_form.rb:10:in `search_venues'
  app/controllers/foursquare_controller.rb:8:in `search'


  Rendered /Users/jduarte/.rbenv/versions/2.1.2/lib/ruby/gems/2.1.0/gems/actionpack-4.1.4/lib/action_dispatch/middleware/templates/rescues/_source.erb (0.9ms)
  Rendered /Users/jduarte/.rbenv/versions/2.1.2/lib/ruby/gems/2.1.0/gems/actionpack-4.1.4/lib/action_dispatch/middleware/templates/rescues/_trace.html.erb (1.5ms)
  Rendered /Users/jduarte/.rbenv/versions/2.1.2/lib/ruby/gems/2.1.0/gems/actionpack-4.1.4/lib/action_dispatch/middleware/templates/rescues/_request_and_response.html.erb (1.1ms)
  Rendered /Users/jduarte/.rbenv/versions/2.1.2/lib/ruby/gems/2.1.0/gems/actionpack-4.1.4/lib/action_dispatch/middleware/templates/rescues/diagnostics.erb within rescues/layout (28.1ms)


Started GET "/search_foursquare?utf8=%E2%9C%93&foursquare_search_form%5Blat%5D=&foursquare_search_form%5Blng%5D=&foursquare_search_form%5Bquery%5D=Lisbon&foursquare_search_form%5Bvenue_id%5D=&commit=Search" for 127.0.0.1 at 2014-09-30 11:47:16 +0100
Processing by FoursquareController#search as HTML
  Parameters: {"utf8"=>"✓", "foursquare_search_form"=>{"lat"=>"", "lng"=>"", "query"=>"Lisbon", "venue_id"=>""}, "commit"=>"Search"}
Completed 500 Internal Server Error in 282ms

Foursquare2::APIError (param_error: Must provide parameter ll (400)):
  app/forms/foursquare_search_form.rb:10:in `search_venues'
  app/controllers/foursquare_controller.rb:8:in `search'


  Rendered /Users/jduarte/.rbenv/versions/2.1.2/lib/ruby/gems/2.1.0/gems/actionpack-4.1.4/lib/action_dispatch/middleware/templates/rescues/_source.erb (0.7ms)
  Rendered /Users/jduarte/.rbenv/versions/2.1.2/lib/ruby/gems/2.1.0/gems/actionpack-4.1.4/lib/action_dispatch/middleware/templates/rescues/_trace.html.erb (1.3ms)
  Rendered /Users/jduarte/.rbenv/versions/2.1.2/lib/ruby/gems/2.1.0/gems/actionpack-4.1.4/lib/action_dispatch/middleware/templates/rescues/_request_and_response.html.erb (1.0ms)
  Rendered /Users/jduarte/.rbenv/versions/2.1.2/lib/ruby/gems/2.1.0/gems/actionpack-4.1.4/lib/action_dispatch/middleware/templates/rescues/diagnostics.erb within rescues/layout (15.4ms)


Started GET "/search_foursquare?utf8=%E2%9C%93&foursquare_search_form%5Blat%5D=&foursquare_search_form%5Blng%5D=&foursquare_search_form%5Bquery%5D=Lisbon&foursquare_search_form%5Bvenue_id%5D=4bf58dd8d48988d184941735&commit=Search" for 127.0.0.1 at 2014-09-30 11:47:18 +0100
Processing by FoursquareController#search as HTML
  Parameters: {"utf8"=>"✓", "foursquare_search_form"=>{"lat"=>"", "lng"=>"", "query"=>"Lisbon", "venue_id"=>"4bf58dd8d48988d184941735"}, "commit"=>"Search"}
Completed 500 Internal Server Error in 280ms

Foursquare2::APIError (param_error: Must provide parameter ll (400)):
  app/forms/foursquare_search_form.rb:10:in `search_venues'
  app/controllers/foursquare_controller.rb:8:in `search'


  Rendered /Users/jduarte/.rbenv/versions/2.1.2/lib/ruby/gems/2.1.0/gems/actionpack-4.1.4/lib/action_dispatch/middleware/templates/rescues/_source.erb (0.8ms)
  Rendered /Users/jduarte/.rbenv/versions/2.1.2/lib/ruby/gems/2.1.0/gems/actionpack-4.1.4/lib/action_dispatch/middleware/templates/rescues/_trace.html.erb (1.2ms)
  Rendered /Users/jduarte/.rbenv/versions/2.1.2/lib/ruby/gems/2.1.0/gems/actionpack-4.1.4/lib/action_dispatch/middleware/templates/rescues/_request_and_response.html.erb (1.2ms)
  Rendered /Users/jduarte/.rbenv/versions/2.1.2/lib/ruby/gems/2.1.0/gems/actionpack-4.1.4/lib/action_dispatch/middleware/templates/rescues/diagnostics.erb within rescues/layout (16.5ms)


Started GET "/search_foursquare?utf8=%E2%9C%93&foursquare_search_form%5Blat%5D=&foursquare_search_form%5Blng%5D=&foursquare_search_form%5Bquery%5D=Lisbon&foursquare_search_form%5Bvenue_id%5D=&commit=Search" for 127.0.0.1 at 2014-09-30 11:47:19 +0100
Processing by FoursquareController#search as HTML
  Parameters: {"utf8"=>"✓", "foursquare_search_form"=>{"lat"=>"", "lng"=>"", "query"=>"Lisbon", "venue_id"=>""}, "commit"=>"Search"}
Completed 500 Internal Server Error in 293ms

Foursquare2::APIError (param_error: Must provide parameter ll (400)):
  app/forms/foursquare_search_form.rb:10:in `search_venues'
  app/controllers/foursquare_controller.rb:8:in `search'


  Rendered /Users/jduarte/.rbenv/versions/2.1.2/lib/ruby/gems/2.1.0/gems/actionpack-4.1.4/lib/action_dispatch/middleware/templates/rescues/_source.erb (0.7ms)
  Rendered /Users/jduarte/.rbenv/versions/2.1.2/lib/ruby/gems/2.1.0/gems/actionpack-4.1.4/lib/action_dispatch/middleware/templates/rescues/_trace.html.erb (1.4ms)
  Rendered /Users/jduarte/.rbenv/versions/2.1.2/lib/ruby/gems/2.1.0/gems/actionpack-4.1.4/lib/action_dispatch/middleware/templates/rescues/_request_and_response.html.erb (1.7ms)
  Rendered /Users/jduarte/.rbenv/versions/2.1.2/lib/ruby/gems/2.1.0/gems/actionpack-4.1.4/lib/action_dispatch/middleware/templates/rescues/diagnostics.erb within rescues/layout (16.8ms)


Started GET "/" for 127.0.0.1 at 2014-09-30 11:47:22 +0100
Processing by FoursquareController#index as HTML
  Rendered foursquare/index.html.erb within layouts/application (5.6ms)
Completed 200 OK in 48ms (Views: 46.8ms | ActiveRecord: 0.0ms)


Started GET "/assets/turbolinks.js?body=1" for 127.0.0.1 at 2014-09-30 11:47:22 +0100


Started GET "/assets/jquery.js?body=1" for 127.0.0.1 at 2014-09-30 11:47:22 +0100


Started GET "/assets/application.css?body=1" for 127.0.0.1 at 2014-09-30 11:47:22 +0100


Started GET "/assets/jquery_ujs.js?body=1" for 127.0.0.1 at 2014-09-30 11:47:22 +0100


Started GET "/assets/application.js?body=1" for 127.0.0.1 at 2014-09-30 11:47:22 +0100


Started GET "/search_foursquare?utf8=%E2%9C%93&foursquare_search_form%5Bnear%5D=Lisbon&foursquare_search_form%5Blat%5D=&foursquare_search_form%5Blng%5D=&foursquare_search_form%5Bquery%5D=est%C3%A1dio+da+luz&foursquare_search_form%5Bvenue_id%5D=&commit=Search" for 127.0.0.1 at 2014-09-30 11:47:28 +0100
Processing by FoursquareController#search as HTML
  Parameters: {"utf8"=>"✓", "foursquare_search_form"=>{"near"=>"Lisbon", "lat"=>"", "lng"=>"", "query"=>"estádio da luz", "venue_id"=>""}, "commit"=>"Search"}
  Rendered foursquare/index.html.erb within layouts/application (21.9ms)
Completed 200 OK in 456ms (Views: 59.7ms | ActiveRecord: 0.0ms)


Started GET "/assets/application.css?body=1" for 127.0.0.1 at 2014-09-30 11:47:28 +0100


Started GET "/assets/jquery.js?body=1" for 127.0.0.1 at 2014-09-30 11:47:28 +0100


Started GET "/assets/jquery_ujs.js?body=1" for 127.0.0.1 at 2014-09-30 11:47:28 +0100


Started GET "/assets/turbolinks.js?body=1" for 127.0.0.1 at 2014-09-30 11:47:28 +0100


Started GET "/assets/application.js?body=1" for 127.0.0.1 at 2014-09-30 11:47:28 +0100


Started GET "/search_foursquare?utf8=%E2%9C%93&foursquare_search_form%5Bnear%5D=Lisbon&foursquare_search_form%5Blat%5D=&foursquare_search_form%5Blng%5D=&foursquare_search_form%5Bquery%5D=est%C3%A1dio+da+luz&foursquare_search_form%5Bvenue_id%5D=&commit=Search" for 127.0.0.1 at 2014-09-30 11:47:59 +0100
Processing by FoursquareController#search as HTML
  Parameters: {"utf8"=>"✓", "foursquare_search_form"=>{"near"=>"Lisbon", "lat"=>"", "lng"=>"", "query"=>"estádio da luz", "venue_id"=>""}, "commit"=>"Search"}
  Rendered foursquare/index.html.erb within layouts/application (13.5ms)
Completed 200 OK in 447ms (Views: 49.8ms | ActiveRecord: 0.0ms)


Started GET "/assets/application.css?body=1" for 127.0.0.1 at 2014-09-30 11:47:59 +0100


Started GET "/assets/jquery.js?body=1" for 127.0.0.1 at 2014-09-30 11:47:59 +0100


Started GET "/assets/jquery_ujs.js?body=1" for 127.0.0.1 at 2014-09-30 11:47:59 +0100


Started GET "/assets/turbolinks.js?body=1" for 127.0.0.1 at 2014-09-30 11:47:59 +0100


Started GET "/assets/application.js?body=1" for 127.0.0.1 at 2014-09-30 11:47:59 +0100
